

Microchip Technology PIC LITE Macro Assembler V2.00 build -1524193055 
                                                                                               Fri Apr 07 22:59:35 2023

Microchip Technology Omniscient Code Generator v2.00 (Free mode) build 20180527130849
     1  0000                     
      + 0000                     
     2                           ; Version 2.00
     3                           ; Generated 27/05/2018 GMT
     4                           
     5                           ; 
     6                           ; Copyright © 2018, Microchip Technology Inc. and its subsidiaries ("Microchip")
     7                           ; All rights reserved.
     8                           ; 
     9                           ; This software is developed by Microchip Technology Inc. and its subsidiaries ("Microch
                                 ip").
    10                           ; 
    11                           ; Redistribution and use in source and binary forms, with or without modification, are
    12                           ; permitted provided that the following conditions are met:
    13                           ; 
    14                           ;     1. Redistributions of source code must retain the above copyright notice, this lis
                                 t of
    15                           ;        conditions and the following disclaimer.
    16                           ; 
    17                           ;     2. Redistributions in binary form must reproduce the above copyright notice, this 
                                 list
    18                           ;        of conditions and the following disclaimer in the documentation and/or other
    19                           ;        materials provided with the distribution.
    20                           ; 
    21                           ;     3. Microchip's name may not be used to endorse or promote products derived from th
                                 is
    22                           ;        software without specific prior written permission.
    23                           ; 
    24                           ; THIS SOFTWARE IS PROVIDED BY MICROCHIP "AS IS" AND ANY EXPRESS OR IMPLIED WARRANTIES,

    25                           ; INCLUDING, BUT NOT LIMITED TO, THE IMPLIED WARRANTIES OF MERCHANTABILITY AND FITNESS F
                                 OR
    26                           ; PURPOSE ARE DISCLAIMED.  IN NO EVENT SHALL MICROCHIP BE LIABLE FOR ANY DIRECT, INDIREC
                                 T,
    27                           ; INCIDENTAL, SPECIAL, EXEMPLARY, OR CONSEQUENTIAL DAMAGES (INCLUDING BUT NOT LIMITED TO
                                 
    28                           ; PROCUREMENT OF SUBSTITUTE GOODS OR SERVICES; LOSS OF USE, DATA OR PROFITS; OR BUSINESS
                                 
    29                           ; INTERRUPTION) HOWSOEVER CAUSED AND ON ANY THEORY OF LIABILITY, WHETHER IN CONTRACT, ST
                                 RICT
    30                           ; LIABILITY, OR TORT (INCLUDING NEGLIGENCE OR OTHERWISE) ARISING IN ANY WAY OUT OF THE U
                                 SE OF
    31                           ; THIS SOFTWARE, EVEN IF ADVISED OF THE POSSIBILITY OF SUCH DAMAGE.
    32                           ; 
    33                           
    34                           
    35                           ; 
    36                           ; Code-generator required, PIC16F628A Definitions
    37                           ; 
    38  0004                     fsr0 equ 04h
    39  0004                     indf equ 00h
    40  0000                     indf0 equ 00h
    41  0000                     pc equ 02h
    42  0002                     pcl equ 02h
    43  0002                     pclath equ 0Ah
    44  000A                     status equ 03h
    45  0003                     
     2                           opt pagewidth 120
     3  0000                     byte0	macro	val
     4                           	(getbyte(val,0))
     5                           endm
     6  0000                     byte1	macro	val
     7                           	(getbyte(val,1))
     8                           endm
     9  0000                     byte2	macro	val
    10                           	(getbyte(val,2))
    11                           endm
    12  0000                     byte3	macro	val
    13                           	(getbyte(val,3))
    14                           endm
    15  0000                     byte4	macro	val
    16                           	(getbyte(val,4))
    17                           endm
    18  0000                     byte5	macro	val
    19                           	(getbyte(val,5))
    20                           endm
    21  0000                     byte6	macro	val
    22                           	(getbyte(val,6))
    23                           endm
    24  0000                     byte7	macro	val
    25                           	(getbyte(val,7))
    26                           endm
    27  0000                     getword	macro	val,pos
    28                           	(((val) >> (8 * pos)) and 0xffff)
    29                           endm
    30  0000                     word0	macro	val
    31                           	(getword(val,0))
    32                           endm
    33  0000                     word1	macro	val
    34                           	(getword(val,2))
    35                           endm
    36  0000                     word2	macro	val
    37                           	(getword(val,4))
    38                           endm
    39  0000                     word3	macro	val
    40                           	(getword(val,6))
    41                           endm
    42  0000                     gettword	macro	val,pos
    43                           	(((val) >> (8 * pos)) and 0xffffff)
    44                           endm
    45  0000                     tword0	macro	val
    46                           	(gettword(val,0))
    47                           endm
    48  0000                     tword1	macro	val
    49                           	(gettword(val,3))
    50                           endm
    51  0000                     tword2	macro	val
    52                           	(gettword(val,6))
    53                           endm
    54  0000                     getdword	macro	val,pos
    55                           	(((val) >> (8 * pos)) and 0xffffffff)
    56                           endm
    57  0000                     dword0	macro	val
    58                           	(getdword(val,0))
    59                           endm
    60  0000                     dword1	macro	val
    61                           	(getdword(val,4))
    62                           endm
    63  0000                     clrc	macro
    64                           	bcf	3,0
    65                           	endm
    66  0000                     clrz	macro
    67                           	bcf	3,2
    68                           	endm
    69  0000                     setc	macro
    70                           	bsf	3,0
    71                           	endm
    72  0000                     setz	macro
    73                           	bsf	3,2
    74                           	endm
    75  0000                     skipc	macro
    76                           	btfss	3,0
    77                           	endm
    78  0000                     skipz	macro
    79                           	btfss	3,2
    80                           	endm
    81  0000                     skipnc	macro
    82                           	btfsc	3,0
    83                           	endm
    84  0000                     skipnz	macro
    85                           	btfsc	3,2
    86                           	endm
    87  0000                     # 54 "C:\Program Files (x86)\Microchip\xc8\v2.00\pic\include\pic16f628a.h"
    88                           INDF equ 00h ;# 
    89  0000                     # 61 "C:\Program Files (x86)\Microchip\xc8\v2.00\pic\include\pic16f628a.h"
    90                           TMR0 equ 01h ;# 
    91  0001                     # 68 "C:\Program Files (x86)\Microchip\xc8\v2.00\pic\include\pic16f628a.h"
    92                           PCL equ 02h ;# 
    93  0002                     # 75 "C:\Program Files (x86)\Microchip\xc8\v2.00\pic\include\pic16f628a.h"
    94                           STATUS equ 03h ;# 
    95  0003                     # 161 "C:\Program Files (x86)\Microchip\xc8\v2.00\pic\include\pic16f628a.h"
    96                           FSR equ 04h ;# 
    97  0004                     # 168 "C:\Program Files (x86)\Microchip\xc8\v2.00\pic\include\pic16f628a.h"
    98                           PORTA equ 05h ;# 
    99  0005                     # 230 "C:\Program Files (x86)\Microchip\xc8\v2.00\pic\include\pic16f628a.h"
   100                           PORTB equ 06h ;# 
   101  0006                     # 292 "C:\Program Files (x86)\Microchip\xc8\v2.00\pic\include\pic16f628a.h"
   102                           PCLATH equ 0Ah ;# 
   103  000A                     # 312 "C:\Program Files (x86)\Microchip\xc8\v2.00\pic\include\pic16f628a.h"
   104                           INTCON equ 0Bh ;# 
   105  000B                     # 390 "C:\Program Files (x86)\Microchip\xc8\v2.00\pic\include\pic16f628a.h"
   106                           PIR1 equ 0Ch ;# 
   107  000C                     # 447 "C:\Program Files (x86)\Microchip\xc8\v2.00\pic\include\pic16f628a.h"
   108                           TMR1 equ 0Eh ;# 
   109  000E                     # 454 "C:\Program Files (x86)\Microchip\xc8\v2.00\pic\include\pic16f628a.h"
   110                           TMR1L equ 0Eh ;# 
   111  000E                     # 461 "C:\Program Files (x86)\Microchip\xc8\v2.00\pic\include\pic16f628a.h"
   112                           TMR1H equ 0Fh ;# 
   113  000F                     # 468 "C:\Program Files (x86)\Microchip\xc8\v2.00\pic\include\pic16f628a.h"
   114                           T1CON equ 010h ;# 
   115  0010                     # 527 "C:\Program Files (x86)\Microchip\xc8\v2.00\pic\include\pic16f628a.h"
   116                           TMR2 equ 011h ;# 
   117  0011                     # 534 "C:\Program Files (x86)\Microchip\xc8\v2.00\pic\include\pic16f628a.h"
   118                           T2CON equ 012h ;# 
   119  0012                     # 605 "C:\Program Files (x86)\Microchip\xc8\v2.00\pic\include\pic16f628a.h"
   120                           CCPR1 equ 015h ;# 
   121  0015                     # 612 "C:\Program Files (x86)\Microchip\xc8\v2.00\pic\include\pic16f628a.h"
   122                           CCPR1L equ 015h ;# 
   123  0015                     # 619 "C:\Program Files (x86)\Microchip\xc8\v2.00\pic\include\pic16f628a.h"
   124                           CCPR1H equ 016h ;# 
   125  0016                     # 626 "C:\Program Files (x86)\Microchip\xc8\v2.00\pic\include\pic16f628a.h"
   126                           CCP1CON equ 017h ;# 
   127  0017                     # 684 "C:\Program Files (x86)\Microchip\xc8\v2.00\pic\include\pic16f628a.h"
   128                           RCSTA equ 018h ;# 
   129  0018                     # 755 "C:\Program Files (x86)\Microchip\xc8\v2.00\pic\include\pic16f628a.h"
   130                           TXREG equ 019h ;# 
   131  0019                     # 762 "C:\Program Files (x86)\Microchip\xc8\v2.00\pic\include\pic16f628a.h"
   132                           RCREG equ 01Ah ;# 
   133  001A                     # 769 "C:\Program Files (x86)\Microchip\xc8\v2.00\pic\include\pic16f628a.h"
   134                           CMCON equ 01Fh ;# 
   135  001F                     # 839 "C:\Program Files (x86)\Microchip\xc8\v2.00\pic\include\pic16f628a.h"
   136                           OPTION_REG equ 081h ;# 
   137  0081                     # 909 "C:\Program Files (x86)\Microchip\xc8\v2.00\pic\include\pic16f628a.h"
   138                           TRISA equ 085h ;# 
   139  0085                     # 971 "C:\Program Files (x86)\Microchip\xc8\v2.00\pic\include\pic16f628a.h"
   140                           TRISB equ 086h ;# 
   141  0086                     # 1033 "C:\Program Files (x86)\Microchip\xc8\v2.00\pic\include\pic16f628a.h"
   142                           PIE1 equ 08Ch ;# 
   143  008C                     # 1090 "C:\Program Files (x86)\Microchip\xc8\v2.00\pic\include\pic16f628a.h"
   144                           PCON equ 08Eh ;# 
   145  008E                     # 1139 "C:\Program Files (x86)\Microchip\xc8\v2.00\pic\include\pic16f628a.h"
   146                           PR2 equ 092h ;# 
   147  0092                     # 1146 "C:\Program Files (x86)\Microchip\xc8\v2.00\pic\include\pic16f628a.h"
   148                           TXSTA equ 098h ;# 
   149  0098                     # 1203 "C:\Program Files (x86)\Microchip\xc8\v2.00\pic\include\pic16f628a.h"
   150                           SPBRG equ 099h ;# 
   151  0099                     # 1210 "C:\Program Files (x86)\Microchip\xc8\v2.00\pic\include\pic16f628a.h"
   152                           EEDATA equ 09Ah ;# 
   153  009A                     # 1217 "C:\Program Files (x86)\Microchip\xc8\v2.00\pic\include\pic16f628a.h"
   154                           EEADR equ 09Bh ;# 
   155  009B                     # 1224 "C:\Program Files (x86)\Microchip\xc8\v2.00\pic\include\pic16f628a.h"
   156                           EECON1 equ 09Ch ;# 
   157  009C                     # 1262 "C:\Program Files (x86)\Microchip\xc8\v2.00\pic\include\pic16f628a.h"
   158                           EECON2 equ 09Dh ;# 
   159  009D                     # 1269 "C:\Program Files (x86)\Microchip\xc8\v2.00\pic\include\pic16f628a.h"
   160                           VRCON equ 09Fh ;# 
   161  009F                     # 54 "C:\Program Files (x86)\Microchip\xc8\v2.00\pic\include\pic16f628a.h"
   162                           INDF equ 00h ;# 
   163  0000                     # 61 "C:\Program Files (x86)\Microchip\xc8\v2.00\pic\include\pic16f628a.h"
   164                           TMR0 equ 01h ;# 
   165  0001                     # 68 "C:\Program Files (x86)\Microchip\xc8\v2.00\pic\include\pic16f628a.h"
   166                           PCL equ 02h ;# 
   167  0002                     # 75 "C:\Program Files (x86)\Microchip\xc8\v2.00\pic\include\pic16f628a.h"
   168                           STATUS equ 03h ;# 
   169  0003                     # 161 "C:\Program Files (x86)\Microchip\xc8\v2.00\pic\include\pic16f628a.h"
   170                           FSR equ 04h ;# 
   171  0004                     # 168 "C:\Program Files (x86)\Microchip\xc8\v2.00\pic\include\pic16f628a.h"
   172                           PORTA equ 05h ;# 
   173  0005                     # 230 "C:\Program Files (x86)\Microchip\xc8\v2.00\pic\include\pic16f628a.h"
   174                           PORTB equ 06h ;# 
   175  0006                     # 292 "C:\Program Files (x86)\Microchip\xc8\v2.00\pic\include\pic16f628a.h"
   176                           PCLATH equ 0Ah ;# 
   177  000A                     # 312 "C:\Program Files (x86)\Microchip\xc8\v2.00\pic\include\pic16f628a.h"
   178                           INTCON equ 0Bh ;# 
   179  000B                     # 390 "C:\Program Files (x86)\Microchip\xc8\v2.00\pic\include\pic16f628a.h"
   180                           PIR1 equ 0Ch ;# 
   181  000C                     # 447 "C:\Program Files (x86)\Microchip\xc8\v2.00\pic\include\pic16f628a.h"
   182                           TMR1 equ 0Eh ;# 
   183  000E                     # 454 "C:\Program Files (x86)\Microchip\xc8\v2.00\pic\include\pic16f628a.h"
   184                           TMR1L equ 0Eh ;# 
   185  000E                     # 461 "C:\Program Files (x86)\Microchip\xc8\v2.00\pic\include\pic16f628a.h"
   186                           TMR1H equ 0Fh ;# 
   187  000F                     # 468 "C:\Program Files (x86)\Microchip\xc8\v2.00\pic\include\pic16f628a.h"
   188                           T1CON equ 010h ;# 
   189  0010                     # 527 "C:\Program Files (x86)\Microchip\xc8\v2.00\pic\include\pic16f628a.h"
   190                           TMR2 equ 011h ;# 
   191  0011                     # 534 "C:\Program Files (x86)\Microchip\xc8\v2.00\pic\include\pic16f628a.h"
   192                           T2CON equ 012h ;# 
   193  0012                     # 605 "C:\Program Files (x86)\Microchip\xc8\v2.00\pic\include\pic16f628a.h"
   194                           CCPR1 equ 015h ;# 
   195  0015                     # 612 "C:\Program Files (x86)\Microchip\xc8\v2.00\pic\include\pic16f628a.h"
   196                           CCPR1L equ 015h ;# 
   197  0015                     # 619 "C:\Program Files (x86)\Microchip\xc8\v2.00\pic\include\pic16f628a.h"
   198                           CCPR1H equ 016h ;# 
   199  0016                     # 626 "C:\Program Files (x86)\Microchip\xc8\v2.00\pic\include\pic16f628a.h"
   200                           CCP1CON equ 017h ;# 
   201  0017                     # 684 "C:\Program Files (x86)\Microchip\xc8\v2.00\pic\include\pic16f628a.h"
   202                           RCSTA equ 018h ;# 
   203  0018                     # 755 "C:\Program Files (x86)\Microchip\xc8\v2.00\pic\include\pic16f628a.h"
   204                           TXREG equ 019h ;# 
   205  0019                     # 762 "C:\Program Files (x86)\Microchip\xc8\v2.00\pic\include\pic16f628a.h"
   206                           RCREG equ 01Ah ;# 
   207  001A                     # 769 "C:\Program Files (x86)\Microchip\xc8\v2.00\pic\include\pic16f628a.h"
   208                           CMCON equ 01Fh ;# 
   209  001F                     # 839 "C:\Program Files (x86)\Microchip\xc8\v2.00\pic\include\pic16f628a.h"
   210                           OPTION_REG equ 081h ;# 
   211  0081                     # 909 "C:\Program Files (x86)\Microchip\xc8\v2.00\pic\include\pic16f628a.h"
   212                           TRISA equ 085h ;# 
   213  0085                     # 971 "C:\Program Files (x86)\Microchip\xc8\v2.00\pic\include\pic16f628a.h"
   214                           TRISB equ 086h ;# 
   215  0086                     # 1033 "C:\Program Files (x86)\Microchip\xc8\v2.00\pic\include\pic16f628a.h"
   216                           PIE1 equ 08Ch ;# 
   217  008C                     # 1090 "C:\Program Files (x86)\Microchip\xc8\v2.00\pic\include\pic16f628a.h"
   218                           PCON equ 08Eh ;# 
   219  008E                     # 1139 "C:\Program Files (x86)\Microchip\xc8\v2.00\pic\include\pic16f628a.h"
   220                           PR2 equ 092h ;# 
   221  0092                     # 1146 "C:\Program Files (x86)\Microchip\xc8\v2.00\pic\include\pic16f628a.h"
   222                           TXSTA equ 098h ;# 
   223  0098                     # 1203 "C:\Program Files (x86)\Microchip\xc8\v2.00\pic\include\pic16f628a.h"
   224                           SPBRG equ 099h ;# 
   225  0099                     # 1210 "C:\Program Files (x86)\Microchip\xc8\v2.00\pic\include\pic16f628a.h"
   226                           EEDATA equ 09Ah ;# 
   227  009A                     # 1217 "C:\Program Files (x86)\Microchip\xc8\v2.00\pic\include\pic16f628a.h"
   228                           EEADR equ 09Bh ;# 
   229  009B                     # 1224 "C:\Program Files (x86)\Microchip\xc8\v2.00\pic\include\pic16f628a.h"
   230                           EECON1 equ 09Ch ;# 
   231  009C                     # 1262 "C:\Program Files (x86)\Microchip\xc8\v2.00\pic\include\pic16f628a.h"
   232                           EECON2 equ 09Dh ;# 
   233  009D                     # 1269 "C:\Program Files (x86)\Microchip\xc8\v2.00\pic\include\pic16f628a.h"
   234                           VRCON equ 09Fh ;# 
   235  009F                     	FNROOT	_main
   236                           	FNCALL	intlevel1,_ISR
   237                           	global	intlevel1
   238                           	FNROOT	intlevel1
   239                           	global	_counter
   240                           	global	_TMR1
   241                           _TMR1	set	0xE
   242  000E                     	global	_TMR1IF
   243                           _TMR1IF	set	0x60
   244  0060                     	global	_TMR1ON
   245                           _TMR1ON	set	0x80
   246  0080                     	global	_T1CKPS1
   247                           _T1CKPS1	set	0x85
   248  0085                     	global	_T1CKPS0
   249                           _T1CKPS0	set	0x84
   250  0084                     	global	_TMR1CS
   251                           _TMR1CS	set	0x81
   252  0081                     	global	_GIE
   253                           _GIE	set	0x5F
   254  005F                     	global	_PEIE
   255                           _PEIE	set	0x5E
   256  005E                     	global	_RB0
   257                           _RB0	set	0x30
   258  0030                     	global	_TMR1IE
   259                           _TMR1IE	set	0x460
   260  0460                     	global	_TRISB0
   261                           _TRISB0	set	0x430
   262  0430                     ; #config settings
   263                           global __CFG_FOSC$XT
   264                           __CFG_FOSC$XT equ 0x0
   265  0000                     global __CFG_WDTE$OFF
   266                           __CFG_WDTE$OFF equ 0x0
   267  0000                     global __CFG_PWRTE$ON
   268                           __CFG_PWRTE$ON equ 0x0
   269  0000                     global __CFG_MCLRE$OFF
   270                           __CFG_MCLRE$OFF equ 0x0
   271  0000                     global __CFG_BOREN$ON
   272                           __CFG_BOREN$ON equ 0x0
   273  0000                     global __CFG_LVP$OFF
   274                           __CFG_LVP$OFF equ 0x0
   275  0000                     global __CFG_CPD$OFF
   276                           __CFG_CPD$OFF equ 0x0
   277  0000                     global __CFG_CP$OFF
   278                           __CFG_CP$OFF equ 0x0
   279  0000                     	file	"C:\Users\Mostafa\AppData\Local\Temp\si0s."
   280                           	line	#
   281                           psect cinit,class=CODE,delta=2
   282                           global start_initialization
   283                           start_initialization:
   284  000B                     
   285                           global __initialization
   286                           __initialization:
   287  000B                     psect	bssCOMMON,class=COMMON,space=1,noexec
   288                           global __pbssCOMMON
   289                           __pbssCOMMON:
   290  0073                     _counter:
   291  0073                            ds      1
   292  0073                     
   293                           	file	"C:\Users\Mostafa\AppData\Local\Temp\si0s."
   294                           	line	#
   295                           ; Clear objects allocated to COMMON
   296                           psect cinit,class=CODE,delta=2,merge=1
   297                           	clrf	((__pbssCOMMON)+0)&07Fh
   298  000B  01F3               psect cinit,class=CODE,delta=2,merge=1
   299                           global end_of_initialization,__end_of__initialization
   300                           
   301                           ;End of C runtime variable initialization code
   302                           
   303                           end_of_initialization:
   304  000C                     __end_of__initialization:
   305  000C                     clrf status
   306  000C  0183               ljmp _main	;jump to C main() function
   307  000D  282F               psect	cstackCOMMON,class=COMMON,space=1,noexec
   308                           global __pcstackCOMMON
   309                           __pcstackCOMMON:
   310  0070                     ?_main:	; 1 bytes @ 0x0
   311  0070                     ?_ISR:	; 1 bytes @ 0x0
   312  0070                     ??_ISR:	; 1 bytes @ 0x0
   313  0070                     	ds	3
   314  0070                     ??_main:	; 1 bytes @ 0x3
   315  0073                     ;!
   316                           ;!Data Sizes:
   317                           ;!    Strings     0
   318                           ;!    Constant    0
   319                           ;!    Data        0
   320                           ;!    BSS         1
   321                           ;!    Persistent  0
   322                           ;!    Stack       0
   323                           ;!
   324                           ;!Auto Spaces:
   325                           ;!    Space          Size  Autos    Used
   326                           ;!    COMMON           14      3       4
   327                           ;!    BANK0            80      0       0
   328                           ;!    BANK1            80      0       0
   329                           ;!    BANK2            48      0       0
   330                           
   331                           ;!
   332                           ;!Pointer List with Targets:
   333                           ;!
   334                           ;!    None.
   335                           
   336                           
   337                           ;!
   338                           ;!Critical Paths under _main in COMMON
   339                           ;!
   340                           ;!    None.
   341                           ;!
   342                           ;!Critical Paths under _ISR in COMMON
   343                           ;!
   344                           ;!    None.
   345                           ;!
   346                           ;!Critical Paths under _main in BANK0
   347                           ;!
   348                           ;!    None.
   349                           ;!
   350                           ;!Critical Paths under _ISR in BANK0
   351                           ;!
   352                           ;!    None.
   353                           ;!
   354                           ;!Critical Paths under _main in BANK1
   355                           ;!
   356                           ;!    None.
   357                           ;!
   358                           ;!Critical Paths under _ISR in BANK1
   359                           ;!
   360                           ;!    None.
   361                           ;!
   362                           ;!Critical Paths under _main in BANK2
   363                           ;!
   364                           ;!    None.
   365                           ;!
   366                           ;!Critical Paths under _ISR in BANK2
   367                           ;!
   368                           ;!    None.
   369                           
   370 ;;
   371 ;;Main: autosize = 0, tempsize = 0, incstack = 0, save=0
   372 ;;
   373                           
   374                           ;!
   375                           ;!Call Graph Tables:
   376                           ;!
   377                           ;! ---------------------------------------------------------------------------------
   378                           ;! (Depth) Function   	        Calls       Base Space   Used Autos Params    Refs
   379                           ;! ---------------------------------------------------------------------------------
   380                           ;! (0) _main                                                 0     0      0       0
   381                           ;! ---------------------------------------------------------------------------------
   382                           ;! Estimated maximum stack depth 0
   383                           ;! ---------------------------------------------------------------------------------
   384                           ;! (Depth) Function   	        Calls       Base Space   Used Autos Params    Refs
   385                           ;! ---------------------------------------------------------------------------------
   386                           ;! (1) _ISR                                                  3     3      0       0
   387                           ;!                                              0 COMMON     3     3      0
   388                           ;! ---------------------------------------------------------------------------------
   389                           ;! Estimated maximum stack depth 1
   390                           ;! ---------------------------------------------------------------------------------
   391                           ;!
   392                           ;! Call Graph Graphs:
   393                           ;!
   394                           ;! _main (ROOT)
   395                           ;!
   396                           ;! _ISR (ROOT)
   397                           ;!
   398                           
   399                           ;! Address spaces:
   400                           
   401                           ;!Name               Size   Autos  Total    Cost      Usage
   402                           ;!BITCOMMON            E      0       0       0        0.0%
   403                           ;!EEDATA              80      0       0       0        0.0%
   404                           ;!NULL                 0      0       0       0        0.0%
   405                           ;!CODE                 0      0       0       0        0.0%
   406                           ;!COMMON               E      3       4       1       28.6%
   407                           ;!BITSFR0              0      0       0       1        0.0%
   408                           ;!SFR0                 0      0       0       1        0.0%
   409                           ;!BITSFR1              0      0       0       2        0.0%
   410                           ;!SFR1                 0      0       0       2        0.0%
   411                           ;!STACK                0      0       0       2        0.0%
   412                           ;!BANK0               50      0       0       3        0.0%
   413                           ;!BITSFR3              0      0       0       4        0.0%
   414                           ;!SFR3                 0      0       0       4        0.0%
   415                           ;!ABS                  0      0       4       4        0.0%
   416                           ;!BITBANK0            50      0       0       5        0.0%
   417                           ;!BITSFR2              0      0       0       5        0.0%
   418                           ;!SFR2                 0      0       0       5        0.0%
   419                           ;!BITBANK1            50      0       0       6        0.0%
   420                           ;!BANK1               50      0       0       7        0.0%
   421                           ;!BITBANK2            30      0       0       8        0.0%
   422                           ;!BANK2               30      0       0       9        0.0%
   423                           ;!DATA                 0      0       4      10        0.0%
   424                           
   425                           	global	_main
   426                           
   427 ;; *************** function _main *****************
   428 ;; Defined at:
   429 ;;		line 15 in file "main.c"
   430 ;; Parameters:    Size  Location     Type
   431 ;;		None
   432 ;; Auto vars:     Size  Location     Type
   433 ;;		None
   434 ;; Return value:  Size  Location     Type
   435 ;;                  1    wreg      void 
   436 ;; Registers used:
   437 ;;		None
   438 ;; Tracked objects:
   439 ;;		On entry : B00/0
   440 ;;		On exit  : 0/0
   441 ;;		Unchanged: 0/0
   442 ;; Data sizes:     COMMON   BANK0   BANK1   BANK2
   443 ;;      Params:         0       0       0       0
   444 ;;      Locals:         0       0       0       0
   445 ;;      Temps:          0       0       0       0
   446 ;;      Totals:         0       0       0       0
   447 ;;Total ram usage:        0 bytes
   448 ;; Hardware stack levels required when called:    1
   449 ;; This function calls:
   450 ;;		Nothing
   451 ;; This function is called by:
   452 ;;		Startup code after reset
   453 ;; This function uses a non-reentrant model
   454 ;;
   455                           psect	maintext,global,class=CODE,delta=2,split=1,group=0
   456                           	file	"main.c"
   457                           	line	15
   458                           global __pmaintext
   459                           __pmaintext:	;psect for function _main
   460  002F                     psect	maintext
   461                           	file	"main.c"
   462                           	line	15
   463                           	global	__size_of_main
   464                           	__size_of_main	equ	__end_of_main-_main
   465  0017                     	
   466                           _main:	
   467  002F                     ;incstack = 0
   468                           	opt	stack 7
   469                           ; Regs used in _main: []
   470                           	line	16
   471                           	
   472                           l612:	
   473  002F                     ;main.c: 16:     TRISB0=0;
   474                           	bsf	status, 5	;RP0=1, select bank1
   475  002F  1683               	bcf	status, 6	;RP1=0, select bank1
   476  0030  1303               	bcf	(1072/8)^080h,(1072)&7	;volatile
   477  0031  1006               	line	17
   478                           ;main.c: 17:     RB0=1;
   479                           	bcf	status, 5	;RP0=0, select bank0
   480  0032  1283               	bcf	status, 6	;RP1=0, select bank0
   481  0033  1303               	bsf	(48/8),(48)&7	;volatile
   482  0034  1406               	line	18
   483                           ;main.c: 18:     TMR1IE=1;
   484                           	bsf	status, 5	;RP0=1, select bank1
   485  0035  1683               	bcf	status, 6	;RP1=0, select bank1
   486  0036  1303               	bsf	(1120/8)^080h,(1120)&7	;volatile
   487  0037  140C               	line	19
   488                           ;main.c: 19:     PEIE=1;
   489                           	bsf	(94/8),(94)&7	;volatile
   490  0038  170B               	line	20
   491                           ;main.c: 20:     GIE=1;
   492                           	bsf	(95/8),(95)&7	;volatile
   493  0039  178B               	line	21
   494                           ;main.c: 21:     TMR1=15536;
   495                           	movlw	03Ch
   496  003A  303C               	bcf	status, 5	;RP0=0, select bank0
   497  003B  1283               	bcf	status, 6	;RP1=0, select bank0
   498  003C  1303               	movwf	(14+1)	;volatile
   499  003D  008F               	movlw	0B0h
   500  003E  30B0               	movwf	(14)	;volatile
   501  003F  008E               	line	22
   502                           ;main.c: 22:     TMR1CS=0;
   503                           	bcf	(129/8),(129)&7	;volatile
   504  0040  1090               	line	23
   505                           ;main.c: 23:     T1CKPS0=0;
   506                           	bcf	(132/8),(132)&7	;volatile
   507  0041  1210               	line	24
   508                           ;main.c: 24:     T1CKPS1=0;
   509                           	bcf	(133/8),(133)&7	;volatile
   510  0042  1290               	line	25
   511                           ;main.c: 25:     TMR1ON=1;
   512                           	bsf	(128/8),(128)&7	;volatile
   513  0043  1410               	line	26
   514                           ;main.c: 26:     while(1){
   515                           	
   516                           l29:	
   517  0044                     	line	28
   518                           ;main.c: 28:     }
   519                           	
   520                           l30:	
   521  0044                     	goto	l29
   522  0044  2844               	
   523                           l31:	
   524  0045                     	line	31
   525                           ;main.c: 30:     return;
   526                           	
   527                           l32:	
   528  0045                     	global	start
   529                           	ljmp	start
   530  0045  280A               	opt stack 0
   531                           GLOBAL	__end_of_main
   532                           	__end_of_main:
   533  0046                     	signat	_main,89
   534                           	global	_ISR
   535                           
   536 ;; *************** function _ISR *****************
   537 ;; Defined at:
   538 ;;		line 34 in file "main.c"
   539 ;; Parameters:    Size  Location     Type
   540 ;;		None
   541 ;; Auto vars:     Size  Location     Type
   542 ;;		None
   543 ;; Return value:  Size  Location     Type
   544 ;;                  1    wreg      void 
   545 ;; Registers used:
   546 ;;		wreg, status,2, status,0
   547 ;; Tracked objects:
   548 ;;		On entry : 0/0
   549 ;;		On exit  : 0/0
   550 ;;		Unchanged: 0/0
   551 ;; Data sizes:     COMMON   BANK0   BANK1   BANK2
   552 ;;      Params:         0       0       0       0
   553 ;;      Locals:         0       0       0       0
   554 ;;      Temps:          3       0       0       0
   555 ;;      Totals:         3       0       0       0
   556 ;;Total ram usage:        3 bytes
   557 ;; Hardware stack levels used:    1
   558 ;; This function calls:
   559 ;;		Nothing
   560 ;; This function is called by:
   561 ;;		Interrupt level 1
   562 ;; This function uses a non-reentrant model
   563 ;;
   564                           psect	text1,local,class=CODE,delta=2,merge=1,group=0
   565                           	line	34
   566                           global __ptext1
   567                           __ptext1:	;psect for function _ISR
   568  000E                     psect	text1
   569                           	file	"main.c"
   570                           	line	34
   571                           	global	__size_of_ISR
   572                           	__size_of_ISR	equ	__end_of_ISR-_ISR
   573  0021                     	
   574                           _ISR:	
   575  000E                     ;incstack = 0
   576                           	opt	stack 7
   577                           ; Regs used in _ISR: [wreg+status,2+status,0]
   578                           psect	intentry,class=CODE,delta=2
   579                           global __pintentry
   580                           __pintentry:
   581  0004                     global interrupt_function
   582                           interrupt_function:
   583  0004                     	global saved_w
   584                           	saved_w	set	btemp+0
   585  007E                     	movwf	saved_w
   586  0004  00FE               	swapf	status,w
   587  0005  0E03               	movwf	(??_ISR+1)
   588  0006  00F1               	movf	pclath,w
   589  0007  080A               	movwf	(??_ISR+2)
   590  0008  00F2               	ljmp	_ISR
   591  0009  280E               psect	text1
   592                           	line	35
   593                           	
   594                           i1l614:	
   595  000E                     ;main.c: 35:     if(TMR1IF){
   596                           	bcf	status, 5	;RP0=0, select bank0
   597  000E  1283               	bcf	status, 6	;RP1=0, select bank0
   598  000F  1303               	btfss	(96/8),(96)&7	;volatile
   599  0010  1C0C               	goto	u1_21
   600  0011  2813               	goto	u1_20
   601  0012  2814               u1_21:
   602  0013                     	goto	i1l39
   603  0013  2828               u1_20:
   604  0014                     	line	36
   605                           	
   606                           i1l616:	
   607  0014                     ;main.c: 36:         counter++;
   608                           	movlw	low(01h)
   609  0014  3001               	movwf	(??_ISR+0)+0
   610  0015  00F0               	movf	(??_ISR+0)+0,w
   611  0016  0870               	addwf	(_counter),f
   612  0017  07F3               	line	37
   613                           ;main.c: 37:         if(counter==20){
   614                           		movlw	20
   615  0018  3014               	xorwf	((_counter)),w
   616  0019  0673               	btfss	status,2
   617  001A  1D03               	goto	u2_21
   618  001B  281D               	goto	u2_20
   619  001C  281E               u2_21:
   620  001D                     	goto	i1l622
   621  001D  2822               u2_20:
   622  001E                     	line	38
   623                           	
   624                           i1l618:	
   625  001E                     ;main.c: 38:             RB0=~RB0;
   626                           	movlw	1<<((48)&7)
   627  001E  3001               	xorwf	((48)/8),f
   628  001F  0686               	line	39
   629                           	
   630                           i1l620:	
   631  0020                     ;main.c: 39:             counter=0;
   632                           	clrf	(_counter)
   633  0020  01F3               	goto	i1l622
   634  0021  2822               	line	40
   635                           ;main.c: 40:         }
   636                           	
   637                           i1l38:	
   638  0022                     	line	41
   639                           	
   640                           i1l622:	
   641  0022                     ;main.c: 41:         TMR1=15536;
   642                           	movlw	03Ch
   643  0022  303C               	movwf	(14+1)	;volatile
   644  0023  008F               	movlw	0B0h
   645  0024  30B0               	movwf	(14)	;volatile
   646  0025  008E               	line	42
   647                           	
   648                           i1l624:	
   649  0026                     ;main.c: 42:         TMR1IF=0;
   650                           	bcf	(96/8),(96)&7	;volatile
   651  0026  100C               	goto	i1l39
   652  0027  2828               	line	43
   653                           ;main.c: 43:     }
   654                           	
   655                           i1l37:	
   656  0028                     	line	44
   657                           	
   658                           i1l39:	
   659  0028                     	movf	(??_ISR+2),w
   660  0028  0872               	movwf	pclath
   661  0029  008A               	swapf	(??_ISR+1)^0FFFFFF80h,w
   662  002A  0E71               	movwf	status
   663  002B  0083               	swapf	saved_w,f
   664  002C  0EFE               	swapf	saved_w,w
   665  002D  0E7E               	retfie
   666  002E  0009               	opt stack 0
   667                           GLOBAL	__end_of_ISR
   668                           	__end_of_ISR:
   669  002F                     	signat	_ISR,89
   670                           global	___latbits
   671                           ___latbits	equ	0
   672  0000                     	global	btemp
   673                           	btemp set 07Eh
   674  007E                     
   675                           	DABS	1,126,2	;btemp
   676                           	global	wtemp0
   677                           	wtemp0 set btemp+0
   678  007E                     	end


Data Sizes:
    Strings     0
    Constant    0
    Data        0
    BSS         1
    Persistent  0
    Stack       0

Auto Spaces:
    Space          Size  Autos    Used
    COMMON           14      3       4
    BANK0            80      0       0
    BANK1            80      0       0
    BANK2            48      0       0

Pointer List with Targets:

    None.

Critical Paths under _main in COMMON

    None.

Critical Paths under _ISR in COMMON

    None.

Critical Paths under _main in BANK0

    None.

Critical Paths under _ISR in BANK0

    None.

Critical Paths under _main in BANK1

    None.

Critical Paths under _ISR in BANK1

    None.

Critical Paths under _main in BANK2

    None.

Critical Paths under _ISR in BANK2

    None.

Call Graph Tables:

 ---------------------------------------------------------------------------------
 (Depth) Function   	        Calls       Base Space   Used Autos Params    Refs
 ---------------------------------------------------------------------------------
 (0) _main                                                 0     0      0       0
 ---------------------------------------------------------------------------------
 Estimated maximum stack depth 0
 ---------------------------------------------------------------------------------
 (Depth) Function   	        Calls       Base Space   Used Autos Params    Refs
 ---------------------------------------------------------------------------------
 (1) _ISR                                                  3     3      0       0
                                              0 COMMON     3     3      0
 ---------------------------------------------------------------------------------
 Estimated maximum stack depth 1
 ---------------------------------------------------------------------------------

 Call Graph Graphs:

 _main (ROOT)

 _ISR (ROOT)

 Address spaces:
Name               Size   Autos  Total    Cost      Usage
BITCOMMON            E      0       0       0        0.0%
EEDATA              80      0       0       0        0.0%
NULL                 0      0       0       0        0.0%
CODE                 0      0       0       0        0.0%
COMMON               E      3       4       1       28.6%
BITSFR0              0      0       0       1        0.0%
SFR0                 0      0       0       1        0.0%
BITSFR1              0      0       0       2        0.0%
SFR1                 0      0       0       2        0.0%
STACK                0      0       0       2        0.0%
BANK0               50      0       0       3        0.0%
BITSFR3              0      0       0       4        0.0%
SFR3                 0      0       0       4        0.0%
ABS                  0      0       4       4        0.0%
BITBANK0            50      0       0       5        0.0%
BITSFR2              0      0       0       5        0.0%
SFR2                 0      0       0       5        0.0%
BITBANK1            50      0       0       6        0.0%
BANK1               50      0       0       7        0.0%
BITBANK2            30      0       0       8        0.0%
BANK2               30      0       0       9        0.0%
DATA                 0      0       4      10        0.0%


Microchip Technology PIC Macro Assembler V2.00 build -1524193055 
Symbol Table                                                                                   Fri Apr 07 22:59:35 2023

            __CFG_CP$OFF 0000                       l30 0044                       l31 0045  
                     l32 0045                       l29 0044                      l612 002F  
                    _GIE 005F                      _RB0 0030             __CFG_CPD$OFF 0000  
                    _ISR 000E             __CFG_FOSC$XT 0000             __CFG_LVP$OFF 0000  
                   ?_ISR 0070                     _PEIE 005E                     i1l37 0028  
                   i1l38 0022                     i1l39 0028                     _TMR1 000E  
                   u1_20 0014                     u1_21 0013                     u2_20 001E  
                   u2_21 001D                     _main 002F                     btemp 007E  
          __CFG_BOREN$ON 0000                     start 000A                    ??_ISR 0070  
                  ?_main 0070            __CFG_WDTE$OFF 0000                    i1l620 0020  
                  i1l622 0022                    i1l614 000E                    i1l624 0026  
                  i1l616 0014                    i1l618 001E            __CFG_PWRTE$ON 0000  
                  pclath 000A                    status 0003                    wtemp0 007E  
         __CFG_MCLRE$OFF 0000          __initialization 000B             __end_of_main 0046  
                 ??_main 0073                   _TMR1IE 0460                   _TMR1IF 0060  
                 _TMR1CS 0081                   _TMR1ON 0080                   _TRISB0 0430  
                 saved_w 007E  __end_of__initialization 000C           __pcstackCOMMON 0070  
             __pmaintext 002F               __pintentry 0004                  _T1CKPS0 0084  
                _T1CKPS1 0085                  __ptext1 000E             __size_of_ISR 0021  
                _counter 0073     end_of_initialization 000C      start_initialization 000B  
            __end_of_ISR 002F              __pbssCOMMON 0073                ___latbits 0000  
      interrupt_function 0004            __size_of_main 0017                 intlevel1 0000  
