

Microchip Technology PIC LITE Macro Assembler V2.00 build -1524193055 
                                                                                               Fri Apr 07 00:52:27 2023

Microchip Technology Omniscient Code Generator v2.00 (Free mode) build 20180527130849
     1  0000                     
      + 0000                     
     2                           ; Version 2.00
     3                           ; Generated 27/05/2018 GMT
     4                           
     5                           ; 
     6                           ; Copyright © 2018, Microchip Technology Inc. and its subsidiaries ("Microchip")
     7                           ; All rights reserved.
     8                           ; 
     9                           ; This software is developed by Microchip Technology Inc. and its subsidiaries ("Microch
                                 ip").
    10                           ; 
    11                           ; Redistribution and use in source and binary forms, with or without modification, are
    12                           ; permitted provided that the following conditions are met:
    13                           ; 
    14                           ;     1. Redistributions of source code must retain the above copyright notice, this lis
                                 t of
    15                           ;        conditions and the following disclaimer.
    16                           ; 
    17                           ;     2. Redistributions in binary form must reproduce the above copyright notice, this 
                                 list
    18                           ;        of conditions and the following disclaimer in the documentation and/or other
    19                           ;        materials provided with the distribution.
    20                           ; 
    21                           ;     3. Microchip's name may not be used to endorse or promote products derived from th
                                 is
    22                           ;        software without specific prior written permission.
    23                           ; 
    24                           ; THIS SOFTWARE IS PROVIDED BY MICROCHIP "AS IS" AND ANY EXPRESS OR IMPLIED WARRANTIES,

    25                           ; INCLUDING, BUT NOT LIMITED TO, THE IMPLIED WARRANTIES OF MERCHANTABILITY AND FITNESS F
                                 OR
    26                           ; PURPOSE ARE DISCLAIMED.  IN NO EVENT SHALL MICROCHIP BE LIABLE FOR ANY DIRECT, INDIREC
                                 T,
    27                           ; INCIDENTAL, SPECIAL, EXEMPLARY, OR CONSEQUENTIAL DAMAGES (INCLUDING BUT NOT LIMITED TO
                                 
    28                           ; PROCUREMENT OF SUBSTITUTE GOODS OR SERVICES; LOSS OF USE, DATA OR PROFITS; OR BUSINESS
                                 
    29                           ; INTERRUPTION) HOWSOEVER CAUSED AND ON ANY THEORY OF LIABILITY, WHETHER IN CONTRACT, ST
                                 RICT
    30                           ; LIABILITY, OR TORT (INCLUDING NEGLIGENCE OR OTHERWISE) ARISING IN ANY WAY OUT OF THE U
                                 SE OF
    31                           ; THIS SOFTWARE, EVEN IF ADVISED OF THE POSSIBILITY OF SUCH DAMAGE.
    32                           ; 
    33                           
    34                           
    35                           ; 
    36                           ; Code-generator required, PIC16F628A Definitions
    37                           ; 
    38  0004                     fsr0 equ 04h
    39  0004                     indf equ 00h
    40  0000                     indf0 equ 00h
    41  0000                     pc equ 02h
    42  0002                     pcl equ 02h
    43  0002                     pclath equ 0Ah
    44  000A                     status equ 03h
    45  0003                     
     2                           opt pagewidth 120
     3  0000                     byte0	macro	val
     4                           	(getbyte(val,0))
     5                           endm
     6  0000                     byte1	macro	val
     7                           	(getbyte(val,1))
     8                           endm
     9  0000                     byte2	macro	val
    10                           	(getbyte(val,2))
    11                           endm
    12  0000                     byte3	macro	val
    13                           	(getbyte(val,3))
    14                           endm
    15  0000                     byte4	macro	val
    16                           	(getbyte(val,4))
    17                           endm
    18  0000                     byte5	macro	val
    19                           	(getbyte(val,5))
    20                           endm
    21  0000                     byte6	macro	val
    22                           	(getbyte(val,6))
    23                           endm
    24  0000                     byte7	macro	val
    25                           	(getbyte(val,7))
    26                           endm
    27  0000                     getword	macro	val,pos
    28                           	(((val) >> (8 * pos)) and 0xffff)
    29                           endm
    30  0000                     word0	macro	val
    31                           	(getword(val,0))
    32                           endm
    33  0000                     word1	macro	val
    34                           	(getword(val,2))
    35                           endm
    36  0000                     word2	macro	val
    37                           	(getword(val,4))
    38                           endm
    39  0000                     word3	macro	val
    40                           	(getword(val,6))
    41                           endm
    42  0000                     gettword	macro	val,pos
    43                           	(((val) >> (8 * pos)) and 0xffffff)
    44                           endm
    45  0000                     tword0	macro	val
    46                           	(gettword(val,0))
    47                           endm
    48  0000                     tword1	macro	val
    49                           	(gettword(val,3))
    50                           endm
    51  0000                     tword2	macro	val
    52                           	(gettword(val,6))
    53                           endm
    54  0000                     getdword	macro	val,pos
    55                           	(((val) >> (8 * pos)) and 0xffffffff)
    56                           endm
    57  0000                     dword0	macro	val
    58                           	(getdword(val,0))
    59                           endm
    60  0000                     dword1	macro	val
    61                           	(getdword(val,4))
    62                           endm
    63  0000                     clrc	macro
    64                           	bcf	3,0
    65                           	endm
    66  0000                     clrz	macro
    67                           	bcf	3,2
    68                           	endm
    69  0000                     setc	macro
    70                           	bsf	3,0
    71                           	endm
    72  0000                     setz	macro
    73                           	bsf	3,2
    74                           	endm
    75  0000                     skipc	macro
    76                           	btfss	3,0
    77                           	endm
    78  0000                     skipz	macro
    79                           	btfss	3,2
    80                           	endm
    81  0000                     skipnc	macro
    82                           	btfsc	3,0
    83                           	endm
    84  0000                     skipnz	macro
    85                           	btfsc	3,2
    86                           	endm
    87  0000                     # 54 "C:\Program Files (x86)\Microchip\xc8\v2.00\pic\include\pic16f628a.h"
    88                           INDF equ 00h ;# 
    89  0000                     # 61 "C:\Program Files (x86)\Microchip\xc8\v2.00\pic\include\pic16f628a.h"
    90                           TMR0 equ 01h ;# 
    91  0001                     # 68 "C:\Program Files (x86)\Microchip\xc8\v2.00\pic\include\pic16f628a.h"
    92                           PCL equ 02h ;# 
    93  0002                     # 75 "C:\Program Files (x86)\Microchip\xc8\v2.00\pic\include\pic16f628a.h"
    94                           STATUS equ 03h ;# 
    95  0003                     # 161 "C:\Program Files (x86)\Microchip\xc8\v2.00\pic\include\pic16f628a.h"
    96                           FSR equ 04h ;# 
    97  0004                     # 168 "C:\Program Files (x86)\Microchip\xc8\v2.00\pic\include\pic16f628a.h"
    98                           PORTA equ 05h ;# 
    99  0005                     # 230 "C:\Program Files (x86)\Microchip\xc8\v2.00\pic\include\pic16f628a.h"
   100                           PORTB equ 06h ;# 
   101  0006                     # 292 "C:\Program Files (x86)\Microchip\xc8\v2.00\pic\include\pic16f628a.h"
   102                           PCLATH equ 0Ah ;# 
   103  000A                     # 312 "C:\Program Files (x86)\Microchip\xc8\v2.00\pic\include\pic16f628a.h"
   104                           INTCON equ 0Bh ;# 
   105  000B                     # 390 "C:\Program Files (x86)\Microchip\xc8\v2.00\pic\include\pic16f628a.h"
   106                           PIR1 equ 0Ch ;# 
   107  000C                     # 447 "C:\Program Files (x86)\Microchip\xc8\v2.00\pic\include\pic16f628a.h"
   108                           TMR1 equ 0Eh ;# 
   109  000E                     # 454 "C:\Program Files (x86)\Microchip\xc8\v2.00\pic\include\pic16f628a.h"
   110                           TMR1L equ 0Eh ;# 
   111  000E                     # 461 "C:\Program Files (x86)\Microchip\xc8\v2.00\pic\include\pic16f628a.h"
   112                           TMR1H equ 0Fh ;# 
   113  000F                     # 468 "C:\Program Files (x86)\Microchip\xc8\v2.00\pic\include\pic16f628a.h"
   114                           T1CON equ 010h ;# 
   115  0010                     # 527 "C:\Program Files (x86)\Microchip\xc8\v2.00\pic\include\pic16f628a.h"
   116                           TMR2 equ 011h ;# 
   117  0011                     # 534 "C:\Program Files (x86)\Microchip\xc8\v2.00\pic\include\pic16f628a.h"
   118                           T2CON equ 012h ;# 
   119  0012                     # 605 "C:\Program Files (x86)\Microchip\xc8\v2.00\pic\include\pic16f628a.h"
   120                           CCPR1 equ 015h ;# 
   121  0015                     # 612 "C:\Program Files (x86)\Microchip\xc8\v2.00\pic\include\pic16f628a.h"
   122                           CCPR1L equ 015h ;# 
   123  0015                     # 619 "C:\Program Files (x86)\Microchip\xc8\v2.00\pic\include\pic16f628a.h"
   124                           CCPR1H equ 016h ;# 
   125  0016                     # 626 "C:\Program Files (x86)\Microchip\xc8\v2.00\pic\include\pic16f628a.h"
   126                           CCP1CON equ 017h ;# 
   127  0017                     # 684 "C:\Program Files (x86)\Microchip\xc8\v2.00\pic\include\pic16f628a.h"
   128                           RCSTA equ 018h ;# 
   129  0018                     # 755 "C:\Program Files (x86)\Microchip\xc8\v2.00\pic\include\pic16f628a.h"
   130                           TXREG equ 019h ;# 
   131  0019                     # 762 "C:\Program Files (x86)\Microchip\xc8\v2.00\pic\include\pic16f628a.h"
   132                           RCREG equ 01Ah ;# 
   133  001A                     # 769 "C:\Program Files (x86)\Microchip\xc8\v2.00\pic\include\pic16f628a.h"
   134                           CMCON equ 01Fh ;# 
   135  001F                     # 839 "C:\Program Files (x86)\Microchip\xc8\v2.00\pic\include\pic16f628a.h"
   136                           OPTION_REG equ 081h ;# 
   137  0081                     # 909 "C:\Program Files (x86)\Microchip\xc8\v2.00\pic\include\pic16f628a.h"
   138                           TRISA equ 085h ;# 
   139  0085                     # 971 "C:\Program Files (x86)\Microchip\xc8\v2.00\pic\include\pic16f628a.h"
   140                           TRISB equ 086h ;# 
   141  0086                     # 1033 "C:\Program Files (x86)\Microchip\xc8\v2.00\pic\include\pic16f628a.h"
   142                           PIE1 equ 08Ch ;# 
   143  008C                     # 1090 "C:\Program Files (x86)\Microchip\xc8\v2.00\pic\include\pic16f628a.h"
   144                           PCON equ 08Eh ;# 
   145  008E                     # 1139 "C:\Program Files (x86)\Microchip\xc8\v2.00\pic\include\pic16f628a.h"
   146                           PR2 equ 092h ;# 
   147  0092                     # 1146 "C:\Program Files (x86)\Microchip\xc8\v2.00\pic\include\pic16f628a.h"
   148                           TXSTA equ 098h ;# 
   149  0098                     # 1203 "C:\Program Files (x86)\Microchip\xc8\v2.00\pic\include\pic16f628a.h"
   150                           SPBRG equ 099h ;# 
   151  0099                     # 1210 "C:\Program Files (x86)\Microchip\xc8\v2.00\pic\include\pic16f628a.h"
   152                           EEDATA equ 09Ah ;# 
   153  009A                     # 1217 "C:\Program Files (x86)\Microchip\xc8\v2.00\pic\include\pic16f628a.h"
   154                           EEADR equ 09Bh ;# 
   155  009B                     # 1224 "C:\Program Files (x86)\Microchip\xc8\v2.00\pic\include\pic16f628a.h"
   156                           EECON1 equ 09Ch ;# 
   157  009C                     # 1262 "C:\Program Files (x86)\Microchip\xc8\v2.00\pic\include\pic16f628a.h"
   158                           EECON2 equ 09Dh ;# 
   159  009D                     # 1269 "C:\Program Files (x86)\Microchip\xc8\v2.00\pic\include\pic16f628a.h"
   160                           VRCON equ 09Fh ;# 
   161  009F                     # 54 "C:\Program Files (x86)\Microchip\xc8\v2.00\pic\include\pic16f628a.h"
   162                           INDF equ 00h ;# 
   163  0000                     # 61 "C:\Program Files (x86)\Microchip\xc8\v2.00\pic\include\pic16f628a.h"
   164                           TMR0 equ 01h ;# 
   165  0001                     # 68 "C:\Program Files (x86)\Microchip\xc8\v2.00\pic\include\pic16f628a.h"
   166                           PCL equ 02h ;# 
   167  0002                     # 75 "C:\Program Files (x86)\Microchip\xc8\v2.00\pic\include\pic16f628a.h"
   168                           STATUS equ 03h ;# 
   169  0003                     # 161 "C:\Program Files (x86)\Microchip\xc8\v2.00\pic\include\pic16f628a.h"
   170                           FSR equ 04h ;# 
   171  0004                     # 168 "C:\Program Files (x86)\Microchip\xc8\v2.00\pic\include\pic16f628a.h"
   172                           PORTA equ 05h ;# 
   173  0005                     # 230 "C:\Program Files (x86)\Microchip\xc8\v2.00\pic\include\pic16f628a.h"
   174                           PORTB equ 06h ;# 
   175  0006                     # 292 "C:\Program Files (x86)\Microchip\xc8\v2.00\pic\include\pic16f628a.h"
   176                           PCLATH equ 0Ah ;# 
   177  000A                     # 312 "C:\Program Files (x86)\Microchip\xc8\v2.00\pic\include\pic16f628a.h"
   178                           INTCON equ 0Bh ;# 
   179  000B                     # 390 "C:\Program Files (x86)\Microchip\xc8\v2.00\pic\include\pic16f628a.h"
   180                           PIR1 equ 0Ch ;# 
   181  000C                     # 447 "C:\Program Files (x86)\Microchip\xc8\v2.00\pic\include\pic16f628a.h"
   182                           TMR1 equ 0Eh ;# 
   183  000E                     # 454 "C:\Program Files (x86)\Microchip\xc8\v2.00\pic\include\pic16f628a.h"
   184                           TMR1L equ 0Eh ;# 
   185  000E                     # 461 "C:\Program Files (x86)\Microchip\xc8\v2.00\pic\include\pic16f628a.h"
   186                           TMR1H equ 0Fh ;# 
   187  000F                     # 468 "C:\Program Files (x86)\Microchip\xc8\v2.00\pic\include\pic16f628a.h"
   188                           T1CON equ 010h ;# 
   189  0010                     # 527 "C:\Program Files (x86)\Microchip\xc8\v2.00\pic\include\pic16f628a.h"
   190                           TMR2 equ 011h ;# 
   191  0011                     # 534 "C:\Program Files (x86)\Microchip\xc8\v2.00\pic\include\pic16f628a.h"
   192                           T2CON equ 012h ;# 
   193  0012                     # 605 "C:\Program Files (x86)\Microchip\xc8\v2.00\pic\include\pic16f628a.h"
   194                           CCPR1 equ 015h ;# 
   195  0015                     # 612 "C:\Program Files (x86)\Microchip\xc8\v2.00\pic\include\pic16f628a.h"
   196                           CCPR1L equ 015h ;# 
   197  0015                     # 619 "C:\Program Files (x86)\Microchip\xc8\v2.00\pic\include\pic16f628a.h"
   198                           CCPR1H equ 016h ;# 
   199  0016                     # 626 "C:\Program Files (x86)\Microchip\xc8\v2.00\pic\include\pic16f628a.h"
   200                           CCP1CON equ 017h ;# 
   201  0017                     # 684 "C:\Program Files (x86)\Microchip\xc8\v2.00\pic\include\pic16f628a.h"
   202                           RCSTA equ 018h ;# 
   203  0018                     # 755 "C:\Program Files (x86)\Microchip\xc8\v2.00\pic\include\pic16f628a.h"
   204                           TXREG equ 019h ;# 
   205  0019                     # 762 "C:\Program Files (x86)\Microchip\xc8\v2.00\pic\include\pic16f628a.h"
   206                           RCREG equ 01Ah ;# 
   207  001A                     # 769 "C:\Program Files (x86)\Microchip\xc8\v2.00\pic\include\pic16f628a.h"
   208                           CMCON equ 01Fh ;# 
   209  001F                     # 839 "C:\Program Files (x86)\Microchip\xc8\v2.00\pic\include\pic16f628a.h"
   210                           OPTION_REG equ 081h ;# 
   211  0081                     # 909 "C:\Program Files (x86)\Microchip\xc8\v2.00\pic\include\pic16f628a.h"
   212                           TRISA equ 085h ;# 
   213  0085                     # 971 "C:\Program Files (x86)\Microchip\xc8\v2.00\pic\include\pic16f628a.h"
   214                           TRISB equ 086h ;# 
   215  0086                     # 1033 "C:\Program Files (x86)\Microchip\xc8\v2.00\pic\include\pic16f628a.h"
   216                           PIE1 equ 08Ch ;# 
   217  008C                     # 1090 "C:\Program Files (x86)\Microchip\xc8\v2.00\pic\include\pic16f628a.h"
   218                           PCON equ 08Eh ;# 
   219  008E                     # 1139 "C:\Program Files (x86)\Microchip\xc8\v2.00\pic\include\pic16f628a.h"
   220                           PR2 equ 092h ;# 
   221  0092                     # 1146 "C:\Program Files (x86)\Microchip\xc8\v2.00\pic\include\pic16f628a.h"
   222                           TXSTA equ 098h ;# 
   223  0098                     # 1203 "C:\Program Files (x86)\Microchip\xc8\v2.00\pic\include\pic16f628a.h"
   224                           SPBRG equ 099h ;# 
   225  0099                     # 1210 "C:\Program Files (x86)\Microchip\xc8\v2.00\pic\include\pic16f628a.h"
   226                           EEDATA equ 09Ah ;# 
   227  009A                     # 1217 "C:\Program Files (x86)\Microchip\xc8\v2.00\pic\include\pic16f628a.h"
   228                           EEADR equ 09Bh ;# 
   229  009B                     # 1224 "C:\Program Files (x86)\Microchip\xc8\v2.00\pic\include\pic16f628a.h"
   230                           EECON1 equ 09Ch ;# 
   231  009C                     # 1262 "C:\Program Files (x86)\Microchip\xc8\v2.00\pic\include\pic16f628a.h"
   232                           EECON2 equ 09Dh ;# 
   233  009D                     # 1269 "C:\Program Files (x86)\Microchip\xc8\v2.00\pic\include\pic16f628a.h"
   234                           VRCON equ 09Fh ;# 
   235  009F                     	FNROOT	_main
   236                           	global	_PORTBbits
   237                           _PORTBbits	set	0x6
   238  0006                     	global	_TRISBbits
   239                           _TRISBbits	set	0x86
   240  0086                     ; #config settings
   241                           global __CFG_FOSC$XT
   242                           __CFG_FOSC$XT equ 0x0
   243  0000                     global __CFG_WDTE$OFF
   244                           __CFG_WDTE$OFF equ 0x0
   245  0000                     global __CFG_PWRTE$ON
   246                           __CFG_PWRTE$ON equ 0x0
   247  0000                     global __CFG_MCLRE$OFF
   248                           __CFG_MCLRE$OFF equ 0x0
   249  0000                     global __CFG_BOREN$ON
   250                           __CFG_BOREN$ON equ 0x0
   251  0000                     global __CFG_LVP$OFF
   252                           __CFG_LVP$OFF equ 0x0
   253  0000                     global __CFG_CPD$OFF
   254                           __CFG_CPD$OFF equ 0x0
   255  0000                     global __CFG_CP$OFF
   256                           __CFG_CP$OFF equ 0x0
   257  0000                     	file	"C:\Users\Mostafa\AppData\Local\Temp\s79s."
   258                           	line	#
   259                           psect cinit,class=CODE,delta=2
   260                           global start_initialization
   261                           start_initialization:
   262  07FE                     
   263                           global __initialization
   264                           __initialization:
   265  07FE                     psect cinit,class=CODE,delta=2,merge=1
   266                           global end_of_initialization,__end_of__initialization
   267                           
   268                           ;End of C runtime variable initialization code
   269                           
   270                           end_of_initialization:
   271  07FE                     __end_of__initialization:
   272  07FE                     clrf status
   273  07FE  0183               ljmp _main	;jump to C main() function
   274  07FF  2FCC               psect	cstackCOMMON,class=COMMON,space=1,noexec
   275                           global __pcstackCOMMON
   276                           __pcstackCOMMON:
   277  0070                     ?_main:	; 1 bytes @ 0x0
   278  0070                     ??_main:	; 1 bytes @ 0x0
   279  0070                     	ds	3
   280  0070                     ;!
   281                           ;!Data Sizes:
   282                           ;!    Strings     0
   283                           ;!    Constant    0
   284                           ;!    Data        0
   285                           ;!    BSS         0
   286                           ;!    Persistent  0
   287                           ;!    Stack       0
   288                           ;!
   289                           ;!Auto Spaces:
   290                           ;!    Space          Size  Autos    Used
   291                           ;!    COMMON           14      3       3
   292                           ;!    BANK0            80      0       0
   293                           ;!    BANK1            80      0       0
   294                           ;!    BANK2            48      0       0
   295                           
   296                           ;!
   297                           ;!Pointer List with Targets:
   298                           ;!
   299                           ;!    None.
   300                           
   301                           
   302                           ;!
   303                           ;!Critical Paths under _main in COMMON
   304                           ;!
   305                           ;!    None.
   306                           ;!
   307                           ;!Critical Paths under _main in BANK0
   308                           ;!
   309                           ;!    None.
   310                           ;!
   311                           ;!Critical Paths under _main in BANK1
   312                           ;!
   313                           ;!    None.
   314                           ;!
   315                           ;!Critical Paths under _main in BANK2
   316                           ;!
   317                           ;!    None.
   318                           
   319 ;;
   320 ;;Main: autosize = 0, tempsize = 3, incstack = 0, save=0
   321 ;;
   322                           
   323                           ;!
   324                           ;!Call Graph Tables:
   325                           ;!
   326                           ;! ---------------------------------------------------------------------------------
   327                           ;! (Depth) Function   	        Calls       Base Space   Used Autos Params    Refs
   328                           ;! ---------------------------------------------------------------------------------
   329                           ;! (0) _main                                                 3     3      0       0
   330                           ;!                                              0 COMMON     3     3      0
   331                           ;! ---------------------------------------------------------------------------------
   332                           ;! Estimated maximum stack depth 0
   333                           ;! ---------------------------------------------------------------------------------
   334                           ;!
   335                           ;! Call Graph Graphs:
   336                           ;!
   337                           ;! _main (ROOT)
   338                           ;!
   339                           
   340                           ;! Address spaces:
   341                           
   342                           ;!Name               Size   Autos  Total    Cost      Usage
   343                           ;!BITCOMMON            E      0       0       0        0.0%
   344                           ;!EEDATA              80      0       0       0        0.0%
   345                           ;!NULL                 0      0       0       0        0.0%
   346                           ;!CODE                 0      0       0       0        0.0%
   347                           ;!COMMON               E      3       3       1       21.4%
   348                           ;!BITSFR0              0      0       0       1        0.0%
   349                           ;!SFR0                 0      0       0       1        0.0%
   350                           ;!BITSFR1              0      0       0       2        0.0%
   351                           ;!SFR1                 0      0       0       2        0.0%
   352                           ;!STACK                0      0       0       2        0.0%
   353                           ;!BANK0               50      0       0       3        0.0%
   354                           ;!BITSFR3              0      0       0       4        0.0%
   355                           ;!SFR3                 0      0       0       4        0.0%
   356                           ;!ABS                  0      0       0       4        0.0%
   357                           ;!BITBANK0            50      0       0       5        0.0%
   358                           ;!BITSFR2              0      0       0       5        0.0%
   359                           ;!SFR2                 0      0       0       5        0.0%
   360                           ;!BITBANK1            50      0       0       6        0.0%
   361                           ;!BANK1               50      0       0       7        0.0%
   362                           ;!BITBANK2            30      0       0       8        0.0%
   363                           ;!BANK2               30      0       0       9        0.0%
   364                           ;!DATA                 0      0       0      10        0.0%
   365                           
   366                           	global	_main
   367                           
   368 ;; *************** function _main *****************
   369 ;; Defined at:
   370 ;;		line 13 in file "main.c"
   371 ;; Parameters:    Size  Location     Type
   372 ;;		None
   373 ;; Auto vars:     Size  Location     Type
   374 ;;		None
   375 ;; Return value:  Size  Location     Type
   376 ;;                  1    wreg      void 
   377 ;; Registers used:
   378 ;;		wreg
   379 ;; Tracked objects:
   380 ;;		On entry : B00/0
   381 ;;		On exit  : 0/0
   382 ;;		Unchanged: 0/0
   383 ;; Data sizes:     COMMON   BANK0   BANK1   BANK2
   384 ;;      Params:         0       0       0       0
   385 ;;      Locals:         0       0       0       0
   386 ;;      Temps:          3       0       0       0
   387 ;;      Totals:         3       0       0       0
   388 ;;Total ram usage:        3 bytes
   389 ;; This function calls:
   390 ;;		Nothing
   391 ;; This function is called by:
   392 ;;		Startup code after reset
   393 ;; This function uses a non-reentrant model
   394 ;;
   395                           psect	maintext,global,class=CODE,delta=2,split=1,group=0
   396                           	file	"main.c"
   397                           	line	13
   398                           global __pmaintext
   399                           __pmaintext:	;psect for function _main
   400  07CC                     psect	maintext
   401                           	file	"main.c"
   402                           	line	13
   403                           	global	__size_of_main
   404                           	__size_of_main	equ	__end_of_main-_main
   405  0032                     	
   406                           _main:	
   407  07CC                     ;incstack = 0
   408                           	opt	stack 8
   409                           ; Regs used in _main: [wreg]
   410                           	line	14
   411                           	
   412                           l590:	
   413  07CC                     ;main.c: 14:     TRISBbits.TRISB0=1;
   414                           	bsf	status, 5	;RP0=1, select bank1
   415  07CC  1683               	bcf	status, 6	;RP1=0, select bank1
   416  07CD  1303               	bsf	(134)^080h,0	;volatile
   417  07CE  1406               	line	15
   418                           ;main.c: 15:     TRISBbits.TRISB1=0;
   419                           	bcf	(134)^080h,1	;volatile
   420  07CF  1086               	line	16
   421                           ;main.c: 16:     PORTBbits.RB1=0;
   422                           	bcf	status, 5	;RP0=0, select bank0
   423  07D0  1283               	bcf	status, 6	;RP1=0, select bank0
   424  07D1  1303               	bcf	(6),1	;volatile
   425  07D2  1086               	goto	l596
   426  07D3  2FF4               	line	17
   427                           ;main.c: 17:     while(1){
   428                           	
   429                           l11:	
   430  07D4                     	line	18
   431                           ;main.c: 18:         while(PORTBbits.RB0){
   432                           	goto	l596
   433  07D4  2FF4               	
   434                           l13:	
   435  07D5                     	line	19
   436                           ;main.c: 19:             PORTBbits.RB1=1;
   437                           	bsf	(6),1	;volatile
   438  07D5  1486               	line	20
   439                           	
   440                           l592:	
   441  07D6                     ;main.c: 20:             _delay((unsigned long)((250)*(4000000/4000.0)));
   442                           	opt asmopt_push
   443                           opt asmopt_off
   444                           movlw  2
   445  07D6  3002               movwf	((??_main+0)+0+2),f
   446  07D7  00F2               movlw	69
   447  07D8  3045               movwf	((??_main+0)+0+1),f
   448  07D9  00F1               	movlw	169
   449  07DA  30A9               movwf	((??_main+0)+0),f
   450  07DB  00F0               	u27:
   451  07DC                     decfsz	((??_main+0)+0),f
   452  07DC  0BF0               	goto	u27
   453  07DD  2FDC               	decfsz	((??_main+0)+0+1),f
   454  07DE  0BF1               	goto	u27
   455  07DF  2FDC               	decfsz	((??_main+0)+0+2),f
   456  07E0  0BF2               	goto	u27
   457  07E1  2FDC               	nop2
   458  07E2  2FE3               opt asmopt_pop
   459                           
   460                           	line	21
   461                           	
   462                           l594:	
   463  07E3                     ;main.c: 21:             PORTBbits.RB1=0;
   464                           	bcf	status, 5	;RP0=0, select bank0
   465  07E3  1283               	bcf	status, 6	;RP1=0, select bank0
   466  07E4  1303               	bcf	(6),1	;volatile
   467  07E5  1086               	line	22
   468                           ;main.c: 22:             _delay((unsigned long)((250)*(4000000/4000.0)));
   469                           	opt asmopt_push
   470                           opt asmopt_off
   471                           movlw  2
   472  07E6  3002               movwf	((??_main+0)+0+2),f
   473  07E7  00F2               movlw	69
   474  07E8  3045               movwf	((??_main+0)+0+1),f
   475  07E9  00F1               	movlw	169
   476  07EA  30A9               movwf	((??_main+0)+0),f
   477  07EB  00F0               	u37:
   478  07EC                     decfsz	((??_main+0)+0),f
   479  07EC  0BF0               	goto	u37
   480  07ED  2FEC               	decfsz	((??_main+0)+0+1),f
   481  07EE  0BF1               	goto	u37
   482  07EF  2FEC               	decfsz	((??_main+0)+0+2),f
   483  07F0  0BF2               	goto	u37
   484  07F1  2FEC               	nop2
   485  07F2  2FF3               opt asmopt_pop
   486                           
   487                           	goto	l596
   488  07F3  2FF4               	line	23
   489                           ;main.c: 23:         }
   490                           	
   491                           l12:	
   492  07F4                     	line	18
   493                           	
   494                           l596:	
   495  07F4                     ;main.c: 18:         while(PORTBbits.RB0){
   496                           	bcf	status, 5	;RP0=0, select bank0
   497  07F4  1283               	bcf	status, 6	;RP1=0, select bank0
   498  07F5  1303               	btfsc	(6),0	;volatile
   499  07F6  1806               	goto	u11
   500  07F7  2FF9               	goto	u10
   501  07F8  2FFA               u11:
   502  07F9                     	goto	l13
   503  07F9  2FD5               u10:
   504  07FA                     	goto	l596
   505  07FA  2FF4               	
   506                           l14:	
   507  07FB                     	goto	l596
   508  07FB  2FF4               	line	24
   509                           ;main.c: 24:     }
   510                           	
   511                           l15:	
   512  07FC                     	goto	l596
   513  07FC  2FF4               	
   514                           l16:	
   515  07FD                     	line	26
   516                           ;main.c: 25:     return;
   517                           	
   518                           l17:	
   519  07FD                     	global	start
   520                           	ljmp	start
   521  07FD  2800               	opt stack 0
   522                           GLOBAL	__end_of_main
   523                           	__end_of_main:
   524  07FE                     	signat	_main,89
   525                           global	___latbits
   526                           ___latbits	equ	0
   527  0000                     	global	btemp
   528                           	btemp set 07Eh
   529  007E                     
   530                           	DABS	1,126,2	;btemp
   531                           	global	wtemp0
   532                           	wtemp0 set btemp+0
   533  007E                     	end


Data Sizes:
    Strings     0
    Constant    0
    Data        0
    BSS         0
    Persistent  0
    Stack       0

Auto Spaces:
    Space          Size  Autos    Used
    COMMON           14      3       3
    BANK0            80      0       0
    BANK1            80      0       0
    BANK2            48      0       0

Pointer List with Targets:

    None.

Critical Paths under _main in COMMON

    None.

Critical Paths under _main in BANK0

    None.

Critical Paths under _main in BANK1

    None.

Critical Paths under _main in BANK2

    None.

Call Graph Tables:

 ---------------------------------------------------------------------------------
 (Depth) Function   	        Calls       Base Space   Used Autos Params    Refs
 ---------------------------------------------------------------------------------
 (0) _main                                                 3     3      0       0
                                              0 COMMON     3     3      0
 ---------------------------------------------------------------------------------
 Estimated maximum stack depth 0
 ---------------------------------------------------------------------------------

 Call Graph Graphs:

 _main (ROOT)

 Address spaces:
Name               Size   Autos  Total    Cost      Usage
BITCOMMON            E      0       0       0        0.0%
EEDATA              80      0       0       0        0.0%
NULL                 0      0       0       0        0.0%
CODE                 0      0       0       0        0.0%
COMMON               E      3       3       1       21.4%
BITSFR0              0      0       0       1        0.0%
SFR0                 0      0       0       1        0.0%
BITSFR1              0      0       0       2        0.0%
SFR1                 0      0       0       2        0.0%
STACK                0      0       0       2        0.0%
BANK0               50      0       0       3        0.0%
BITSFR3              0      0       0       4        0.0%
SFR3                 0      0       0       4        0.0%
ABS                  0      0       0       4        0.0%
BITBANK0            50      0       0       5        0.0%
BITSFR2              0      0       0       5        0.0%
SFR2                 0      0       0       5        0.0%
BITBANK1            50      0       0       6        0.0%
BANK1               50      0       0       7        0.0%
BITBANK2            30      0       0       8        0.0%
BANK2               30      0       0       9        0.0%
DATA                 0      0       0      10        0.0%


Microchip Technology PIC Macro Assembler V2.00 build -1524193055 
Symbol Table                                                                                   Fri Apr 07 00:52:27 2023

            __CFG_CP$OFF 0000                       l11 07D4                       l12 07F4  
                     l13 07D5                       l14 07FB                       l15 07FC  
                     l16 07FD                       l17 07FD                       u10 07FA  
                     u11 07F9                       u27 07DC                       u37 07EC  
                    l590 07CC                      l592 07D6                      l594 07E3  
                    l596 07F4             __CFG_CPD$OFF 0000             __CFG_FOSC$XT 0000  
           __CFG_LVP$OFF 0000                     _main 07CC                     btemp 007E  
          __CFG_BOREN$ON 0000                     start 0000                    ?_main 0070  
          __CFG_WDTE$OFF 0000            __CFG_PWRTE$ON 0000                    status 0003  
                  wtemp0 007E           __CFG_MCLRE$OFF 0000          __initialization 07FE  
           __end_of_main 07FE                   ??_main 0070  __end_of__initialization 07FE  
         __pcstackCOMMON 0070               __pmaintext 07CC     end_of_initialization 07FE  
              _PORTBbits 0006                _TRISBbits 0086      start_initialization 07FE  
              ___latbits 0000            __size_of_main 0032  
