

Microchip Technology PIC LITE Macro Assembler V2.00 build -1524193055 
                                                                                               Tue Apr 18 22:58:14 2023

Microchip Technology Omniscient Code Generator v2.00 (Free mode) build 20180527130849
     1  0000                     
      + 0000                     
     2                           ; Version 2.00
     3                           ; Generated 27/05/2018 GMT
     4                           
     5                           ; 
     6                           ; Copyright © 2018, Microchip Technology Inc. and its subsidiaries ("Microchip")
     7                           ; All rights reserved.
     8                           ; 
     9                           ; This software is developed by Microchip Technology Inc. and its subsidiaries ("Microch
                                 ip").
    10                           ; 
    11                           ; Redistribution and use in source and binary forms, with or without modification, are
    12                           ; permitted provided that the following conditions are met:
    13                           ; 
    14                           ;     1. Redistributions of source code must retain the above copyright notice, this lis
                                 t of
    15                           ;        conditions and the following disclaimer.
    16                           ; 
    17                           ;     2. Redistributions in binary form must reproduce the above copyright notice, this 
                                 list
    18                           ;        of conditions and the following disclaimer in the documentation and/or other
    19                           ;        materials provided with the distribution.
    20                           ; 
    21                           ;     3. Microchip's name may not be used to endorse or promote products derived from th
                                 is
    22                           ;        software without specific prior written permission.
    23                           ; 
    24                           ; THIS SOFTWARE IS PROVIDED BY MICROCHIP "AS IS" AND ANY EXPRESS OR IMPLIED WARRANTIES,

    25                           ; INCLUDING, BUT NOT LIMITED TO, THE IMPLIED WARRANTIES OF MERCHANTABILITY AND FITNESS F
                                 OR
    26                           ; PURPOSE ARE DISCLAIMED.  IN NO EVENT SHALL MICROCHIP BE LIABLE FOR ANY DIRECT, INDIREC
                                 T,
    27                           ; INCIDENTAL, SPECIAL, EXEMPLARY, OR CONSEQUENTIAL DAMAGES (INCLUDING BUT NOT LIMITED TO
                                 
    28                           ; PROCUREMENT OF SUBSTITUTE GOODS OR SERVICES; LOSS OF USE, DATA OR PROFITS; OR BUSINESS
                                 
    29                           ; INTERRUPTION) HOWSOEVER CAUSED AND ON ANY THEORY OF LIABILITY, WHETHER IN CONTRACT, ST
                                 RICT
    30                           ; LIABILITY, OR TORT (INCLUDING NEGLIGENCE OR OTHERWISE) ARISING IN ANY WAY OUT OF THE U
                                 SE OF
    31                           ; THIS SOFTWARE, EVEN IF ADVISED OF THE POSSIBILITY OF SUCH DAMAGE.
    32                           ; 
    33                           
    34                           
    35                           ; 
    36                           ; Code-generator required, PIC16F628A Definitions
    37                           ; 
    38  0004                     fsr0 equ 04h
    39  0004                     indf equ 00h
    40  0000                     indf0 equ 00h
    41  0000                     pc equ 02h
    42  0002                     pcl equ 02h
    43  0002                     pclath equ 0Ah
    44  000A                     status equ 03h
    45  0003                     
     2                           opt pagewidth 120
     3  0000                     byte0	macro	val
     4                           	(getbyte(val,0))
     5                           endm
     6  0000                     byte1	macro	val
     7                           	(getbyte(val,1))
     8                           endm
     9  0000                     byte2	macro	val
    10                           	(getbyte(val,2))
    11                           endm
    12  0000                     byte3	macro	val
    13                           	(getbyte(val,3))
    14                           endm
    15  0000                     byte4	macro	val
    16                           	(getbyte(val,4))
    17                           endm
    18  0000                     byte5	macro	val
    19                           	(getbyte(val,5))
    20                           endm
    21  0000                     byte6	macro	val
    22                           	(getbyte(val,6))
    23                           endm
    24  0000                     byte7	macro	val
    25                           	(getbyte(val,7))
    26                           endm
    27  0000                     getword	macro	val,pos
    28                           	(((val) >> (8 * pos)) and 0xffff)
    29                           endm
    30  0000                     word0	macro	val
    31                           	(getword(val,0))
    32                           endm
    33  0000                     word1	macro	val
    34                           	(getword(val,2))
    35                           endm
    36  0000                     word2	macro	val
    37                           	(getword(val,4))
    38                           endm
    39  0000                     word3	macro	val
    40                           	(getword(val,6))
    41                           endm
    42  0000                     gettword	macro	val,pos
    43                           	(((val) >> (8 * pos)) and 0xffffff)
    44                           endm
    45  0000                     tword0	macro	val
    46                           	(gettword(val,0))
    47                           endm
    48  0000                     tword1	macro	val
    49                           	(gettword(val,3))
    50                           endm
    51  0000                     tword2	macro	val
    52                           	(gettword(val,6))
    53                           endm
    54  0000                     getdword	macro	val,pos
    55                           	(((val) >> (8 * pos)) and 0xffffffff)
    56                           endm
    57  0000                     dword0	macro	val
    58                           	(getdword(val,0))
    59                           endm
    60  0000                     dword1	macro	val
    61                           	(getdword(val,4))
    62                           endm
    63  0000                     clrc	macro
    64                           	bcf	3,0
    65                           	endm
    66  0000                     clrz	macro
    67                           	bcf	3,2
    68                           	endm
    69  0000                     setc	macro
    70                           	bsf	3,0
    71                           	endm
    72  0000                     setz	macro
    73                           	bsf	3,2
    74                           	endm
    75  0000                     skipc	macro
    76                           	btfss	3,0
    77                           	endm
    78  0000                     skipz	macro
    79                           	btfss	3,2
    80                           	endm
    81  0000                     skipnc	macro
    82                           	btfsc	3,0
    83                           	endm
    84  0000                     skipnz	macro
    85                           	btfsc	3,2
    86                           	endm
    87  0000                     # 54 "C:\Program Files (x86)\Microchip\xc8\v2.00\pic\include\pic16f628a.h"
    88                           INDF equ 00h ;# 
    89  0000                     # 61 "C:\Program Files (x86)\Microchip\xc8\v2.00\pic\include\pic16f628a.h"
    90                           TMR0 equ 01h ;# 
    91  0001                     # 68 "C:\Program Files (x86)\Microchip\xc8\v2.00\pic\include\pic16f628a.h"
    92                           PCL equ 02h ;# 
    93  0002                     # 75 "C:\Program Files (x86)\Microchip\xc8\v2.00\pic\include\pic16f628a.h"
    94                           STATUS equ 03h ;# 
    95  0003                     # 161 "C:\Program Files (x86)\Microchip\xc8\v2.00\pic\include\pic16f628a.h"
    96                           FSR equ 04h ;# 
    97  0004                     # 168 "C:\Program Files (x86)\Microchip\xc8\v2.00\pic\include\pic16f628a.h"
    98                           PORTA equ 05h ;# 
    99  0005                     # 230 "C:\Program Files (x86)\Microchip\xc8\v2.00\pic\include\pic16f628a.h"
   100                           PORTB equ 06h ;# 
   101  0006                     # 292 "C:\Program Files (x86)\Microchip\xc8\v2.00\pic\include\pic16f628a.h"
   102                           PCLATH equ 0Ah ;# 
   103  000A                     # 312 "C:\Program Files (x86)\Microchip\xc8\v2.00\pic\include\pic16f628a.h"
   104                           INTCON equ 0Bh ;# 
   105  000B                     # 390 "C:\Program Files (x86)\Microchip\xc8\v2.00\pic\include\pic16f628a.h"
   106                           PIR1 equ 0Ch ;# 
   107  000C                     # 447 "C:\Program Files (x86)\Microchip\xc8\v2.00\pic\include\pic16f628a.h"
   108                           TMR1 equ 0Eh ;# 
   109  000E                     # 454 "C:\Program Files (x86)\Microchip\xc8\v2.00\pic\include\pic16f628a.h"
   110                           TMR1L equ 0Eh ;# 
   111  000E                     # 461 "C:\Program Files (x86)\Microchip\xc8\v2.00\pic\include\pic16f628a.h"
   112                           TMR1H equ 0Fh ;# 
   113  000F                     # 468 "C:\Program Files (x86)\Microchip\xc8\v2.00\pic\include\pic16f628a.h"
   114                           T1CON equ 010h ;# 
   115  0010                     # 527 "C:\Program Files (x86)\Microchip\xc8\v2.00\pic\include\pic16f628a.h"
   116                           TMR2 equ 011h ;# 
   117  0011                     # 534 "C:\Program Files (x86)\Microchip\xc8\v2.00\pic\include\pic16f628a.h"
   118                           T2CON equ 012h ;# 
   119  0012                     # 605 "C:\Program Files (x86)\Microchip\xc8\v2.00\pic\include\pic16f628a.h"
   120                           CCPR1 equ 015h ;# 
   121  0015                     # 612 "C:\Program Files (x86)\Microchip\xc8\v2.00\pic\include\pic16f628a.h"
   122                           CCPR1L equ 015h ;# 
   123  0015                     # 619 "C:\Program Files (x86)\Microchip\xc8\v2.00\pic\include\pic16f628a.h"
   124                           CCPR1H equ 016h ;# 
   125  0016                     # 626 "C:\Program Files (x86)\Microchip\xc8\v2.00\pic\include\pic16f628a.h"
   126                           CCP1CON equ 017h ;# 
   127  0017                     # 684 "C:\Program Files (x86)\Microchip\xc8\v2.00\pic\include\pic16f628a.h"
   128                           RCSTA equ 018h ;# 
   129  0018                     # 755 "C:\Program Files (x86)\Microchip\xc8\v2.00\pic\include\pic16f628a.h"
   130                           TXREG equ 019h ;# 
   131  0019                     # 762 "C:\Program Files (x86)\Microchip\xc8\v2.00\pic\include\pic16f628a.h"
   132                           RCREG equ 01Ah ;# 
   133  001A                     # 769 "C:\Program Files (x86)\Microchip\xc8\v2.00\pic\include\pic16f628a.h"
   134                           CMCON equ 01Fh ;# 
   135  001F                     # 839 "C:\Program Files (x86)\Microchip\xc8\v2.00\pic\include\pic16f628a.h"
   136                           OPTION_REG equ 081h ;# 
   137  0081                     # 909 "C:\Program Files (x86)\Microchip\xc8\v2.00\pic\include\pic16f628a.h"
   138                           TRISA equ 085h ;# 
   139  0085                     # 971 "C:\Program Files (x86)\Microchip\xc8\v2.00\pic\include\pic16f628a.h"
   140                           TRISB equ 086h ;# 
   141  0086                     # 1033 "C:\Program Files (x86)\Microchip\xc8\v2.00\pic\include\pic16f628a.h"
   142                           PIE1 equ 08Ch ;# 
   143  008C                     # 1090 "C:\Program Files (x86)\Microchip\xc8\v2.00\pic\include\pic16f628a.h"
   144                           PCON equ 08Eh ;# 
   145  008E                     # 1139 "C:\Program Files (x86)\Microchip\xc8\v2.00\pic\include\pic16f628a.h"
   146                           PR2 equ 092h ;# 
   147  0092                     # 1146 "C:\Program Files (x86)\Microchip\xc8\v2.00\pic\include\pic16f628a.h"
   148                           TXSTA equ 098h ;# 
   149  0098                     # 1203 "C:\Program Files (x86)\Microchip\xc8\v2.00\pic\include\pic16f628a.h"
   150                           SPBRG equ 099h ;# 
   151  0099                     # 1210 "C:\Program Files (x86)\Microchip\xc8\v2.00\pic\include\pic16f628a.h"
   152                           EEDATA equ 09Ah ;# 
   153  009A                     # 1217 "C:\Program Files (x86)\Microchip\xc8\v2.00\pic\include\pic16f628a.h"
   154                           EEADR equ 09Bh ;# 
   155  009B                     # 1224 "C:\Program Files (x86)\Microchip\xc8\v2.00\pic\include\pic16f628a.h"
   156                           EECON1 equ 09Ch ;# 
   157  009C                     # 1262 "C:\Program Files (x86)\Microchip\xc8\v2.00\pic\include\pic16f628a.h"
   158                           EECON2 equ 09Dh ;# 
   159  009D                     # 1269 "C:\Program Files (x86)\Microchip\xc8\v2.00\pic\include\pic16f628a.h"
   160                           VRCON equ 09Fh ;# 
   161  009F                     # 54 "C:\Program Files (x86)\Microchip\xc8\v2.00\pic\include\pic16f628a.h"
   162                           INDF equ 00h ;# 
   163  0000                     # 61 "C:\Program Files (x86)\Microchip\xc8\v2.00\pic\include\pic16f628a.h"
   164                           TMR0 equ 01h ;# 
   165  0001                     # 68 "C:\Program Files (x86)\Microchip\xc8\v2.00\pic\include\pic16f628a.h"
   166                           PCL equ 02h ;# 
   167  0002                     # 75 "C:\Program Files (x86)\Microchip\xc8\v2.00\pic\include\pic16f628a.h"
   168                           STATUS equ 03h ;# 
   169  0003                     # 161 "C:\Program Files (x86)\Microchip\xc8\v2.00\pic\include\pic16f628a.h"
   170                           FSR equ 04h ;# 
   171  0004                     # 168 "C:\Program Files (x86)\Microchip\xc8\v2.00\pic\include\pic16f628a.h"
   172                           PORTA equ 05h ;# 
   173  0005                     # 230 "C:\Program Files (x86)\Microchip\xc8\v2.00\pic\include\pic16f628a.h"
   174                           PORTB equ 06h ;# 
   175  0006                     # 292 "C:\Program Files (x86)\Microchip\xc8\v2.00\pic\include\pic16f628a.h"
   176                           PCLATH equ 0Ah ;# 
   177  000A                     # 312 "C:\Program Files (x86)\Microchip\xc8\v2.00\pic\include\pic16f628a.h"
   178                           INTCON equ 0Bh ;# 
   179  000B                     # 390 "C:\Program Files (x86)\Microchip\xc8\v2.00\pic\include\pic16f628a.h"
   180                           PIR1 equ 0Ch ;# 
   181  000C                     # 447 "C:\Program Files (x86)\Microchip\xc8\v2.00\pic\include\pic16f628a.h"
   182                           TMR1 equ 0Eh ;# 
   183  000E                     # 454 "C:\Program Files (x86)\Microchip\xc8\v2.00\pic\include\pic16f628a.h"
   184                           TMR1L equ 0Eh ;# 
   185  000E                     # 461 "C:\Program Files (x86)\Microchip\xc8\v2.00\pic\include\pic16f628a.h"
   186                           TMR1H equ 0Fh ;# 
   187  000F                     # 468 "C:\Program Files (x86)\Microchip\xc8\v2.00\pic\include\pic16f628a.h"
   188                           T1CON equ 010h ;# 
   189  0010                     # 527 "C:\Program Files (x86)\Microchip\xc8\v2.00\pic\include\pic16f628a.h"
   190                           TMR2 equ 011h ;# 
   191  0011                     # 534 "C:\Program Files (x86)\Microchip\xc8\v2.00\pic\include\pic16f628a.h"
   192                           T2CON equ 012h ;# 
   193  0012                     # 605 "C:\Program Files (x86)\Microchip\xc8\v2.00\pic\include\pic16f628a.h"
   194                           CCPR1 equ 015h ;# 
   195  0015                     # 612 "C:\Program Files (x86)\Microchip\xc8\v2.00\pic\include\pic16f628a.h"
   196                           CCPR1L equ 015h ;# 
   197  0015                     # 619 "C:\Program Files (x86)\Microchip\xc8\v2.00\pic\include\pic16f628a.h"
   198                           CCPR1H equ 016h ;# 
   199  0016                     # 626 "C:\Program Files (x86)\Microchip\xc8\v2.00\pic\include\pic16f628a.h"
   200                           CCP1CON equ 017h ;# 
   201  0017                     # 684 "C:\Program Files (x86)\Microchip\xc8\v2.00\pic\include\pic16f628a.h"
   202                           RCSTA equ 018h ;# 
   203  0018                     # 755 "C:\Program Files (x86)\Microchip\xc8\v2.00\pic\include\pic16f628a.h"
   204                           TXREG equ 019h ;# 
   205  0019                     # 762 "C:\Program Files (x86)\Microchip\xc8\v2.00\pic\include\pic16f628a.h"
   206                           RCREG equ 01Ah ;# 
   207  001A                     # 769 "C:\Program Files (x86)\Microchip\xc8\v2.00\pic\include\pic16f628a.h"
   208                           CMCON equ 01Fh ;# 
   209  001F                     # 839 "C:\Program Files (x86)\Microchip\xc8\v2.00\pic\include\pic16f628a.h"
   210                           OPTION_REG equ 081h ;# 
   211  0081                     # 909 "C:\Program Files (x86)\Microchip\xc8\v2.00\pic\include\pic16f628a.h"
   212                           TRISA equ 085h ;# 
   213  0085                     # 971 "C:\Program Files (x86)\Microchip\xc8\v2.00\pic\include\pic16f628a.h"
   214                           TRISB equ 086h ;# 
   215  0086                     # 1033 "C:\Program Files (x86)\Microchip\xc8\v2.00\pic\include\pic16f628a.h"
   216                           PIE1 equ 08Ch ;# 
   217  008C                     # 1090 "C:\Program Files (x86)\Microchip\xc8\v2.00\pic\include\pic16f628a.h"
   218                           PCON equ 08Eh ;# 
   219  008E                     # 1139 "C:\Program Files (x86)\Microchip\xc8\v2.00\pic\include\pic16f628a.h"
   220                           PR2 equ 092h ;# 
   221  0092                     # 1146 "C:\Program Files (x86)\Microchip\xc8\v2.00\pic\include\pic16f628a.h"
   222                           TXSTA equ 098h ;# 
   223  0098                     # 1203 "C:\Program Files (x86)\Microchip\xc8\v2.00\pic\include\pic16f628a.h"
   224                           SPBRG equ 099h ;# 
   225  0099                     # 1210 "C:\Program Files (x86)\Microchip\xc8\v2.00\pic\include\pic16f628a.h"
   226                           EEDATA equ 09Ah ;# 
   227  009A                     # 1217 "C:\Program Files (x86)\Microchip\xc8\v2.00\pic\include\pic16f628a.h"
   228                           EEADR equ 09Bh ;# 
   229  009B                     # 1224 "C:\Program Files (x86)\Microchip\xc8\v2.00\pic\include\pic16f628a.h"
   230                           EECON1 equ 09Ch ;# 
   231  009C                     # 1262 "C:\Program Files (x86)\Microchip\xc8\v2.00\pic\include\pic16f628a.h"
   232                           EECON2 equ 09Dh ;# 
   233  009D                     # 1269 "C:\Program Files (x86)\Microchip\xc8\v2.00\pic\include\pic16f628a.h"
   234                           VRCON equ 09Fh ;# 
   235  009F                     	FNROOT	_main
   236                           	FNCALL	intlevel1,_ISR
   237                           	global	intlevel1
   238                           	FNROOT	intlevel1
   239                           	global	_CCPR1
   240                           _CCPR1	set	0x15
   241  0015                     	global	_TMR1
   242                           _TMR1	set	0xE
   243  000E                     	global	_PORTA
   244                           _PORTA	set	0x5
   245  0005                     	global	_CCP1IF
   246                           _CCP1IF	set	0x62
   247  0062                     	global	_CCP1M3
   248                           _CCP1M3	set	0xBB
   249  00BB                     	global	_CCP1M2
   250                           _CCP1M2	set	0xBA
   251  00BA                     	global	_CCP1M1
   252                           _CCP1M1	set	0xB9
   253  00B9                     	global	_CCP1M0
   254                           _CCP1M0	set	0xB8
   255  00B8                     	global	_TMR1ON
   256                           _TMR1ON	set	0x80
   257  0080                     	global	_T1CKPS1
   258                           _T1CKPS1	set	0x85
   259  0085                     	global	_nT1SYNC
   260                           _nT1SYNC	set	0x82
   261  0082                     	global	_T1OSCEN
   262                           _T1OSCEN	set	0x83
   263  0083                     	global	_T1CKPS0
   264                           _T1CKPS0	set	0x84
   265  0084                     	global	_PEIE
   266                           _PEIE	set	0x5E
   267  005E                     	global	_GIE
   268                           _GIE	set	0x5F
   269  005F                     	global	_TRISA
   270                           _TRISA	set	0x85
   271  0085                     	global	_CCP1IE
   272                           _CCP1IE	set	0x462
   273  0462                     ; #config settings
   274                           global __CFG_FOSC$XT
   275                           __CFG_FOSC$XT equ 0x0
   276  0000                     global __CFG_WDTE$OFF
   277                           __CFG_WDTE$OFF equ 0x0
   278  0000                     global __CFG_PWRTE$ON
   279                           __CFG_PWRTE$ON equ 0x0
   280  0000                     global __CFG_MCLRE$OFF
   281                           __CFG_MCLRE$OFF equ 0x0
   282  0000                     global __CFG_BOREN$ON
   283                           __CFG_BOREN$ON equ 0x0
   284  0000                     global __CFG_LVP$OFF
   285                           __CFG_LVP$OFF equ 0x0
   286  0000                     global __CFG_CPD$OFF
   287                           __CFG_CPD$OFF equ 0x0
   288  0000                     global __CFG_CP$OFF
   289                           __CFG_CP$OFF equ 0x0
   290  0000                     	file	"C:\Users\Mostafa\AppData\Local\Temp\sgns."
   291                           	line	#
   292                           psect cinit,class=CODE,delta=2
   293                           global start_initialization
   294                           start_initialization:
   295  000B                     
   296                           global __initialization
   297                           __initialization:
   298  000B                     psect cinit,class=CODE,delta=2,merge=1
   299                           global end_of_initialization,__end_of__initialization
   300                           
   301                           ;End of C runtime variable initialization code
   302                           
   303                           end_of_initialization:
   304  000B                     __end_of__initialization:
   305  000B                     clrf status
   306  000B  0183               ljmp _main	;jump to C main() function
   307  000C  280D               psect	cstackCOMMON,class=COMMON,space=1,noexec
   308                           global __pcstackCOMMON
   309                           __pcstackCOMMON:
   310  0070                     ?_main:	; 1 bytes @ 0x0
   311  0070                     ?_ISR:	; 1 bytes @ 0x0
   312  0070                     ??_ISR:	; 1 bytes @ 0x0
   313  0070                     	ds	2
   314  0070                     ??_main:	; 1 bytes @ 0x2
   315  0072                     ;!
   316                           ;!Data Sizes:
   317                           ;!    Strings     0
   318                           ;!    Constant    0
   319                           ;!    Data        0
   320                           ;!    BSS         0
   321                           ;!    Persistent  0
   322                           ;!    Stack       0
   323                           ;!
   324                           ;!Auto Spaces:
   325                           ;!    Space          Size  Autos    Used
   326                           ;!    COMMON           14      2       2
   327                           ;!    BANK0            80      0       0
   328                           ;!    BANK1            80      0       0
   329                           ;!    BANK2            48      0       0
   330                           
   331                           ;!
   332                           ;!Pointer List with Targets:
   333                           ;!
   334                           ;!    None.
   335                           
   336                           
   337                           ;!
   338                           ;!Critical Paths under _main in COMMON
   339                           ;!
   340                           ;!    None.
   341                           ;!
   342                           ;!Critical Paths under _ISR in COMMON
   343                           ;!
   344                           ;!    None.
   345                           ;!
   346                           ;!Critical Paths under _main in BANK0
   347                           ;!
   348                           ;!    None.
   349                           ;!
   350                           ;!Critical Paths under _ISR in BANK0
   351                           ;!
   352                           ;!    None.
   353                           ;!
   354                           ;!Critical Paths under _main in BANK1
   355                           ;!
   356                           ;!    None.
   357                           ;!
   358                           ;!Critical Paths under _ISR in BANK1
   359                           ;!
   360                           ;!    None.
   361                           ;!
   362                           ;!Critical Paths under _main in BANK2
   363                           ;!
   364                           ;!    None.
   365                           ;!
   366                           ;!Critical Paths under _ISR in BANK2
   367                           ;!
   368                           ;!    None.
   369                           
   370 ;;
   371 ;;Main: autosize = 0, tempsize = 0, incstack = 0, save=0
   372 ;;
   373                           
   374                           ;!
   375                           ;!Call Graph Tables:
   376                           ;!
   377                           ;! ---------------------------------------------------------------------------------
   378                           ;! (Depth) Function   	        Calls       Base Space   Used Autos Params    Refs
   379                           ;! ---------------------------------------------------------------------------------
   380                           ;! (0) _main                                                 0     0      0       0
   381                           ;! ---------------------------------------------------------------------------------
   382                           ;! Estimated maximum stack depth 0
   383                           ;! ---------------------------------------------------------------------------------
   384                           ;! (Depth) Function   	        Calls       Base Space   Used Autos Params    Refs
   385                           ;! ---------------------------------------------------------------------------------
   386                           ;! (1) _ISR                                                  2     2      0       0
   387                           ;!                                              0 COMMON     2     2      0
   388                           ;! ---------------------------------------------------------------------------------
   389                           ;! Estimated maximum stack depth 1
   390                           ;! ---------------------------------------------------------------------------------
   391                           ;!
   392                           ;! Call Graph Graphs:
   393                           ;!
   394                           ;! _main (ROOT)
   395                           ;!
   396                           ;! _ISR (ROOT)
   397                           ;!
   398                           
   399                           ;! Address spaces:
   400                           
   401                           ;!Name               Size   Autos  Total    Cost      Usage
   402                           ;!BITCOMMON            E      0       0       0        0.0%
   403                           ;!EEDATA              80      0       0       0        0.0%
   404                           ;!NULL                 0      0       0       0        0.0%
   405                           ;!CODE                 0      0       0       0        0.0%
   406                           ;!COMMON               E      2       2       1       14.3%
   407                           ;!BITSFR0              0      0       0       1        0.0%
   408                           ;!SFR0                 0      0       0       1        0.0%
   409                           ;!BITSFR1              0      0       0       2        0.0%
   410                           ;!SFR1                 0      0       0       2        0.0%
   411                           ;!STACK                0      0       0       2        0.0%
   412                           ;!BANK0               50      0       0       3        0.0%
   413                           ;!BITSFR3              0      0       0       4        0.0%
   414                           ;!SFR3                 0      0       0       4        0.0%
   415                           ;!ABS                  0      0       0       4        0.0%
   416                           ;!BITBANK0            50      0       0       5        0.0%
   417                           ;!BITSFR2              0      0       0       5        0.0%
   418                           ;!SFR2                 0      0       0       5        0.0%
   419                           ;!BITBANK1            50      0       0       6        0.0%
   420                           ;!BANK1               50      0       0       7        0.0%
   421                           ;!BITBANK2            30      0       0       8        0.0%
   422                           ;!BANK2               30      0       0       9        0.0%
   423                           ;!DATA                 0      0       0      10        0.0%
   424                           
   425                           	global	_main
   426                           
   427 ;; *************** function _main *****************
   428 ;; Defined at:
   429 ;;		line 12 in file "main.c"
   430 ;; Parameters:    Size  Location     Type
   431 ;;		None
   432 ;; Auto vars:     Size  Location     Type
   433 ;;		None
   434 ;; Return value:  Size  Location     Type
   435 ;;                  1    wreg      void 
   436 ;; Registers used:
   437 ;;		status,2
   438 ;; Tracked objects:
   439 ;;		On entry : B00/0
   440 ;;		On exit  : 0/0
   441 ;;		Unchanged: 0/0
   442 ;; Data sizes:     COMMON   BANK0   BANK1   BANK2
   443 ;;      Params:         0       0       0       0
   444 ;;      Locals:         0       0       0       0
   445 ;;      Temps:          0       0       0       0
   446 ;;      Totals:         0       0       0       0
   447 ;;Total ram usage:        0 bytes
   448 ;; Hardware stack levels required when called:    1
   449 ;; This function calls:
   450 ;;		Nothing
   451 ;; This function is called by:
   452 ;;		Startup code after reset
   453 ;; This function uses a non-reentrant model
   454 ;;
   455                           psect	maintext,global,class=CODE,delta=2,split=1,group=0
   456                           	file	"main.c"
   457                           	line	12
   458                           global __pmaintext
   459                           __pmaintext:	;psect for function _main
   460  000D                     psect	maintext
   461                           	file	"main.c"
   462                           	line	12
   463                           	global	__size_of_main
   464                           	__size_of_main	equ	__end_of_main-_main
   465  001B                     	
   466                           _main:	
   467  000D                     ;incstack = 0
   468                           	opt	stack 7
   469                           ; Regs used in _main: [status,2]
   470                           	line	13
   471                           	
   472                           l621:	
   473  000D                     ;main.c: 13:     TRISA=0x00;
   474                           	bsf	status, 5	;RP0=1, select bank1
   475  000D  1683               	bcf	status, 6	;RP1=0, select bank1
   476  000E  1303               	clrf	(133)^080h	;volatile
   477  000F  0185               	line	14
   478                           ;main.c: 14:     PORTA=0x00;
   479                           	bcf	status, 5	;RP0=0, select bank0
   480  0010  1283               	bcf	status, 6	;RP1=0, select bank0
   481  0011  1303               	clrf	(5)	;volatile
   482  0012  0185               	line	15
   483                           	
   484                           l623:	
   485  0013                     ;main.c: 15:     GIE=1;
   486                           	bsf	(95/8),(95)&7	;volatile
   487  0013  178B               	line	16
   488                           	
   489                           l625:	
   490  0014                     ;main.c: 16:     PEIE=1;
   491                           	bsf	(94/8),(94)&7	;volatile
   492  0014  170B               	line	17
   493                           	
   494                           l627:	
   495  0015                     ;main.c: 17:     CCP1IE=1;
   496                           	bsf	status, 5	;RP0=1, select bank1
   497  0015  1683               	bcf	status, 6	;RP1=0, select bank1
   498  0016  1303               	bsf	(1122/8)^080h,(1122)&7	;volatile
   499  0017  150C               	line	19
   500                           ;main.c: 19:     TMR1=0;
   501                           	bcf	status, 5	;RP0=0, select bank0
   502  0018  1283               	bcf	status, 6	;RP1=0, select bank0
   503  0019  1303               	clrf	(14)	;volatile
   504  001A  018E               	clrf	(14+1)	;volatile
   505  001B  018F               	line	20
   506                           	
   507                           l629:	
   508  001C                     ;main.c: 20:     T1CKPS0=0;
   509                           	bcf	(132/8),(132)&7	;volatile
   510  001C  1210               	line	21
   511                           	
   512                           l631:	
   513  001D                     ;main.c: 21:     T1OSCEN=1;
   514                           	bsf	(131/8),(131)&7	;volatile
   515  001D  1590               	line	22
   516                           	
   517                           l633:	
   518  001E                     ;main.c: 22:     nT1SYNC=0;
   519                           	bcf	(130/8),(130)&7	;volatile
   520  001E  1110               	line	23
   521                           	
   522                           l635:	
   523  001F                     ;main.c: 23:     T1CKPS0=0;
   524                           	bcf	(132/8),(132)&7	;volatile
   525  001F  1210               	line	24
   526                           	
   527                           l637:	
   528  0020                     ;main.c: 24:     T1CKPS1=0;
   529                           	bcf	(133/8),(133)&7	;volatile
   530  0020  1290               	line	25
   531                           	
   532                           l639:	
   533  0021                     ;main.c: 25:     TMR1ON=1;
   534                           	bsf	(128/8),(128)&7	;volatile
   535  0021  1410               	line	26
   536                           	
   537                           l641:	
   538  0022                     ;main.c: 26:     CCP1M0=1;
   539                           	bsf	(184/8),(184)&7	;volatile
   540  0022  1417               	line	27
   541                           	
   542                           l643:	
   543  0023                     ;main.c: 27:     CCP1M1=0;
   544                           	bcf	(185/8),(185)&7	;volatile
   545  0023  1097               	line	28
   546                           	
   547                           l645:	
   548  0024                     ;main.c: 28:     CCP1M2=1;
   549                           	bsf	(186/8),(186)&7	;volatile
   550  0024  1517               	line	29
   551                           	
   552                           l647:	
   553  0025                     ;main.c: 29:     CCP1M3=0;
   554                           	bcf	(187/8),(187)&7	;volatile
   555  0025  1197               	line	30
   556                           ;main.c: 30:     while(1){
   557                           	
   558                           l39:	
   559  0026                     	line	32
   560                           ;main.c: 32:     }
   561                           	
   562                           l40:	
   563  0026                     	goto	l39
   564  0026  2826               	
   565                           l41:	
   566  0027                     	line	34
   567                           ;main.c: 33:     return;
   568                           	
   569                           l42:	
   570  0027                     	global	start
   571                           	ljmp	start
   572  0027  280A               	opt stack 0
   573                           GLOBAL	__end_of_main
   574                           	__end_of_main:
   575  0028                     	signat	_main,89
   576                           	global	_ISR
   577                           
   578 ;; *************** function _ISR *****************
   579 ;; Defined at:
   580 ;;		line 36 in file "main.c"
   581 ;; Parameters:    Size  Location     Type
   582 ;;		None
   583 ;; Auto vars:     Size  Location     Type
   584 ;;		None
   585 ;; Return value:  Size  Location     Type
   586 ;;                  1    wreg      void 
   587 ;; Registers used:
   588 ;;		wreg
   589 ;; Tracked objects:
   590 ;;		On entry : 0/0
   591 ;;		On exit  : 0/0
   592 ;;		Unchanged: 0/0
   593 ;; Data sizes:     COMMON   BANK0   BANK1   BANK2
   594 ;;      Params:         0       0       0       0
   595 ;;      Locals:         0       0       0       0
   596 ;;      Temps:          2       0       0       0
   597 ;;      Totals:         2       0       0       0
   598 ;;Total ram usage:        2 bytes
   599 ;; Hardware stack levels used:    1
   600 ;; This function calls:
   601 ;;		Nothing
   602 ;; This function is called by:
   603 ;;		Interrupt level 1
   604 ;; This function uses a non-reentrant model
   605 ;;
   606                           psect	text1,local,class=CODE,delta=2,merge=1,group=0
   607                           	line	36
   608                           global __ptext1
   609                           __ptext1:	;psect for function _ISR
   610  0028                     psect	text1
   611                           	file	"main.c"
   612                           	line	36
   613                           	global	__size_of_ISR
   614                           	__size_of_ISR	equ	__end_of_ISR-_ISR
   615  0011                     	
   616                           _ISR:	
   617  0028                     ;incstack = 0
   618                           	opt	stack 7
   619                           ; Regs used in _ISR: [wreg]
   620                           psect	intentry,class=CODE,delta=2
   621                           global __pintentry
   622                           __pintentry:
   623  0004                     global interrupt_function
   624                           interrupt_function:
   625  0004                     	global saved_w
   626                           	saved_w	set	btemp+0
   627  007E                     	movwf	saved_w
   628  0004  00FE               	swapf	status,w
   629  0005  0E03               	movwf	(??_ISR+0)
   630  0006  00F0               	movf	pclath,w
   631  0007  080A               	movwf	(??_ISR+1)
   632  0008  00F1               	ljmp	_ISR
   633  0009  2828               psect	text1
   634                           	line	37
   635                           	
   636                           i1l649:	
   637  0028                     ;main.c: 37:     if(CCP1IF){
   638                           	bcf	status, 5	;RP0=0, select bank0
   639  0028  1283               	bcf	status, 6	;RP1=0, select bank0
   640  0029  1303               	btfss	(98/8),(98)&7	;volatile
   641  002A  1D0C               	goto	u1_21
   642  002B  282D               	goto	u1_20
   643  002C  282E               u1_21:
   644  002D                     	goto	i1l48
   645  002D  2832               u1_20:
   646  002E                     	line	38
   647                           	
   648                           i1l651:	
   649  002E                     ;main.c: 38:         PORTA=CCPR1;
   650                           	movf	(21),w	;volatile
   651  002E  0815               	movwf	(5)	;volatile
   652  002F  0085               	line	39
   653                           	
   654                           i1l653:	
   655  0030                     ;main.c: 39:         CCP1IF=0;
   656                           	bcf	(98/8),(98)&7	;volatile
   657  0030  110C               	goto	i1l48
   658  0031  2832               	line	40
   659                           ;main.c: 40:     }
   660                           	
   661                           i1l47:	
   662  0032                     	line	41
   663                           	
   664                           i1l48:	
   665  0032                     	movf	(??_ISR+1),w
   666  0032  0871               	movwf	pclath
   667  0033  008A               	swapf	(??_ISR+0)^0FFFFFF80h,w
   668  0034  0E70               	movwf	status
   669  0035  0083               	swapf	saved_w,f
   670  0036  0EFE               	swapf	saved_w,w
   671  0037  0E7E               	retfie
   672  0038  0009               	opt stack 0
   673                           GLOBAL	__end_of_ISR
   674                           	__end_of_ISR:
   675  0039                     	signat	_ISR,89
   676                           global	___latbits
   677                           ___latbits	equ	0
   678  0000                     	global	btemp
   679                           	btemp set 07Eh
   680  007E                     
   681                           	DABS	1,126,2	;btemp
   682                           	global	wtemp0
   683                           	wtemp0 set btemp+0
   684  007E                     	end


Data Sizes:
    Strings     0
    Constant    0
    Data        0
    BSS         0
    Persistent  0
    Stack       0

Auto Spaces:
    Space          Size  Autos    Used
    COMMON           14      2       2
    BANK0            80      0       0
    BANK1            80      0       0
    BANK2            48      0       0

Pointer List with Targets:

    None.

Critical Paths under _main in COMMON

    None.

Critical Paths under _ISR in COMMON

    None.

Critical Paths under _main in BANK0

    None.

Critical Paths under _ISR in BANK0

    None.

Critical Paths under _main in BANK1

    None.

Critical Paths under _ISR in BANK1

    None.

Critical Paths under _main in BANK2

    None.

Critical Paths under _ISR in BANK2

    None.

Call Graph Tables:

 ---------------------------------------------------------------------------------
 (Depth) Function   	        Calls       Base Space   Used Autos Params    Refs
 ---------------------------------------------------------------------------------
 (0) _main                                                 0     0      0       0
 ---------------------------------------------------------------------------------
 Estimated maximum stack depth 0
 ---------------------------------------------------------------------------------
 (Depth) Function   	        Calls       Base Space   Used Autos Params    Refs
 ---------------------------------------------------------------------------------
 (1) _ISR                                                  2     2      0       0
                                              0 COMMON     2     2      0
 ---------------------------------------------------------------------------------
 Estimated maximum stack depth 1
 ---------------------------------------------------------------------------------

 Call Graph Graphs:

 _main (ROOT)

 _ISR (ROOT)

 Address spaces:
Name               Size   Autos  Total    Cost      Usage
BITCOMMON            E      0       0       0        0.0%
EEDATA              80      0       0       0        0.0%
NULL                 0      0       0       0        0.0%
CODE                 0      0       0       0        0.0%
COMMON               E      2       2       1       14.3%
BITSFR0              0      0       0       1        0.0%
SFR0                 0      0       0       1        0.0%
BITSFR1              0      0       0       2        0.0%
SFR1                 0      0       0       2        0.0%
STACK                0      0       0       2        0.0%
BANK0               50      0       0       3        0.0%
BITSFR3              0      0       0       4        0.0%
SFR3                 0      0       0       4        0.0%
ABS                  0      0       0       4        0.0%
BITBANK0            50      0       0       5        0.0%
BITSFR2              0      0       0       5        0.0%
SFR2                 0      0       0       5        0.0%
BITBANK1            50      0       0       6        0.0%
BANK1               50      0       0       7        0.0%
BITBANK2            30      0       0       8        0.0%
BANK2               30      0       0       9        0.0%
DATA                 0      0       0      10        0.0%


Microchip Technology PIC Macro Assembler V2.00 build -1524193055 
Symbol Table                                                                                   Tue Apr 18 22:58:14 2023

            __CFG_CP$OFF 0000                       l40 0026                       l41 0027  
                     l42 0027                       l39 0026                      l621 000D  
                    l631 001D                      l623 0013                      l641 0022  
                    l633 001E                      l625 0014                      l643 0023  
                    l635 001F                      l627 0015                      l645 0024  
                    l637 0020                      l629 001C                      l647 0025  
                    l639 0021                      _GIE 005F             __CFG_CPD$OFF 0000  
                    _ISR 0028             __CFG_FOSC$XT 0000             __CFG_LVP$OFF 0000  
                   ?_ISR 0070                     _PEIE 005E                     i1l47 0032  
                   i1l48 0032                     _TMR1 000E                     u1_20 002E  
                   u1_21 002D                     _main 000D                     btemp 007E  
          __CFG_BOREN$ON 0000                     start 000A                    ??_ISR 0070  
                  ?_main 0070                    _CCPR1 0015            __CFG_WDTE$OFF 0000  
                  i1l651 002E                    i1l653 0030                    i1l649 0028  
                  _PORTA 0005                    _TRISA 0085            __CFG_PWRTE$ON 0000  
                  pclath 000A                    status 0003                    wtemp0 007E  
         __CFG_MCLRE$OFF 0000          __initialization 000B             __end_of_main 0028  
                 ??_main 0072                   _CCP1M0 00B8                   _CCP1M1 00B9  
                 _CCP1M2 00BA                   _CCP1M3 00BB                   _CCP1IE 0462  
                 _CCP1IF 0062                   _TMR1ON 0080                   saved_w 007E  
__end_of__initialization 000B           __pcstackCOMMON 0070               __pmaintext 000D  
             __pintentry 0004                  _T1CKPS0 0084                  _T1CKPS1 0085  
                _T1OSCEN 0083                  _nT1SYNC 0082                  __ptext1 0028  
           __size_of_ISR 0011     end_of_initialization 000B      start_initialization 000B  
            __end_of_ISR 0039                ___latbits 0000        interrupt_function 0004  
          __size_of_main 001B                 intlevel1 0000  
