

Microchip Technology PIC LITE Macro Assembler V2.00 build -1524193055 
                                                                                               Sat Apr 08 05:13:13 2023

Microchip Technology Omniscient Code Generator v2.00 (Free mode) build 20180527130849
     1  0000                     
      + 0000                     
     2                           ; Version 2.00
     3                           ; Generated 27/05/2018 GMT
     4                           
     5                           ; 
     6                           ; Copyright © 2018, Microchip Technology Inc. and its subsidiaries ("Microchip")
     7                           ; All rights reserved.
     8                           ; 
     9                           ; This software is developed by Microchip Technology Inc. and its subsidiaries ("Microch
                                 ip").
    10                           ; 
    11                           ; Redistribution and use in source and binary forms, with or without modification, are
    12                           ; permitted provided that the following conditions are met:
    13                           ; 
    14                           ;     1. Redistributions of source code must retain the above copyright notice, this lis
                                 t of
    15                           ;        conditions and the following disclaimer.
    16                           ; 
    17                           ;     2. Redistributions in binary form must reproduce the above copyright notice, this 
                                 list
    18                           ;        of conditions and the following disclaimer in the documentation and/or other
    19                           ;        materials provided with the distribution.
    20                           ; 
    21                           ;     3. Microchip's name may not be used to endorse or promote products derived from th
                                 is
    22                           ;        software without specific prior written permission.
    23                           ; 
    24                           ; THIS SOFTWARE IS PROVIDED BY MICROCHIP "AS IS" AND ANY EXPRESS OR IMPLIED WARRANTIES,

    25                           ; INCLUDING, BUT NOT LIMITED TO, THE IMPLIED WARRANTIES OF MERCHANTABILITY AND FITNESS F
                                 OR
    26                           ; PURPOSE ARE DISCLAIMED.  IN NO EVENT SHALL MICROCHIP BE LIABLE FOR ANY DIRECT, INDIREC
                                 T,
    27                           ; INCIDENTAL, SPECIAL, EXEMPLARY, OR CONSEQUENTIAL DAMAGES (INCLUDING BUT NOT LIMITED TO
                                 
    28                           ; PROCUREMENT OF SUBSTITUTE GOODS OR SERVICES; LOSS OF USE, DATA OR PROFITS; OR BUSINESS
                                 
    29                           ; INTERRUPTION) HOWSOEVER CAUSED AND ON ANY THEORY OF LIABILITY, WHETHER IN CONTRACT, ST
                                 RICT
    30                           ; LIABILITY, OR TORT (INCLUDING NEGLIGENCE OR OTHERWISE) ARISING IN ANY WAY OUT OF THE U
                                 SE OF
    31                           ; THIS SOFTWARE, EVEN IF ADVISED OF THE POSSIBILITY OF SUCH DAMAGE.
    32                           ; 
    33                           
    34                           
    35                           ; 
    36                           ; Code-generator required, PIC16F628A Definitions
    37                           ; 
    38  0004                     fsr0 equ 04h
    39  0004                     indf equ 00h
    40  0000                     indf0 equ 00h
    41  0000                     pc equ 02h
    42  0002                     pcl equ 02h
    43  0002                     pclath equ 0Ah
    44  000A                     status equ 03h
    45  0003                     
     2                           opt pagewidth 120
     3  0000                     byte0	macro	val
     4                           	(getbyte(val,0))
     5                           endm
     6  0000                     byte1	macro	val
     7                           	(getbyte(val,1))
     8                           endm
     9  0000                     byte2	macro	val
    10                           	(getbyte(val,2))
    11                           endm
    12  0000                     byte3	macro	val
    13                           	(getbyte(val,3))
    14                           endm
    15  0000                     byte4	macro	val
    16                           	(getbyte(val,4))
    17                           endm
    18  0000                     byte5	macro	val
    19                           	(getbyte(val,5))
    20                           endm
    21  0000                     byte6	macro	val
    22                           	(getbyte(val,6))
    23                           endm
    24  0000                     byte7	macro	val
    25                           	(getbyte(val,7))
    26                           endm
    27  0000                     getword	macro	val,pos
    28                           	(((val) >> (8 * pos)) and 0xffff)
    29                           endm
    30  0000                     word0	macro	val
    31                           	(getword(val,0))
    32                           endm
    33  0000                     word1	macro	val
    34                           	(getword(val,2))
    35                           endm
    36  0000                     word2	macro	val
    37                           	(getword(val,4))
    38                           endm
    39  0000                     word3	macro	val
    40                           	(getword(val,6))
    41                           endm
    42  0000                     gettword	macro	val,pos
    43                           	(((val) >> (8 * pos)) and 0xffffff)
    44                           endm
    45  0000                     tword0	macro	val
    46                           	(gettword(val,0))
    47                           endm
    48  0000                     tword1	macro	val
    49                           	(gettword(val,3))
    50                           endm
    51  0000                     tword2	macro	val
    52                           	(gettword(val,6))
    53                           endm
    54  0000                     getdword	macro	val,pos
    55                           	(((val) >> (8 * pos)) and 0xffffffff)
    56                           endm
    57  0000                     dword0	macro	val
    58                           	(getdword(val,0))
    59                           endm
    60  0000                     dword1	macro	val
    61                           	(getdword(val,4))
    62                           endm
    63  0000                     clrc	macro
    64                           	bcf	3,0
    65                           	endm
    66  0000                     clrz	macro
    67                           	bcf	3,2
    68                           	endm
    69  0000                     setc	macro
    70                           	bsf	3,0
    71                           	endm
    72  0000                     setz	macro
    73                           	bsf	3,2
    74                           	endm
    75  0000                     skipc	macro
    76                           	btfss	3,0
    77                           	endm
    78  0000                     skipz	macro
    79                           	btfss	3,2
    80                           	endm
    81  0000                     skipnc	macro
    82                           	btfsc	3,0
    83                           	endm
    84  0000                     skipnz	macro
    85                           	btfsc	3,2
    86                           	endm
    87  0000                     # 54 "C:\Program Files (x86)\Microchip\xc8\v2.00\pic\include\pic16f628a.h"
    88                           INDF equ 00h ;# 
    89  0000                     # 61 "C:\Program Files (x86)\Microchip\xc8\v2.00\pic\include\pic16f628a.h"
    90                           TMR0 equ 01h ;# 
    91  0001                     # 68 "C:\Program Files (x86)\Microchip\xc8\v2.00\pic\include\pic16f628a.h"
    92                           PCL equ 02h ;# 
    93  0002                     # 75 "C:\Program Files (x86)\Microchip\xc8\v2.00\pic\include\pic16f628a.h"
    94                           STATUS equ 03h ;# 
    95  0003                     # 161 "C:\Program Files (x86)\Microchip\xc8\v2.00\pic\include\pic16f628a.h"
    96                           FSR equ 04h ;# 
    97  0004                     # 168 "C:\Program Files (x86)\Microchip\xc8\v2.00\pic\include\pic16f628a.h"
    98                           PORTA equ 05h ;# 
    99  0005                     # 230 "C:\Program Files (x86)\Microchip\xc8\v2.00\pic\include\pic16f628a.h"
   100                           PORTB equ 06h ;# 
   101  0006                     # 292 "C:\Program Files (x86)\Microchip\xc8\v2.00\pic\include\pic16f628a.h"
   102                           PCLATH equ 0Ah ;# 
   103  000A                     # 312 "C:\Program Files (x86)\Microchip\xc8\v2.00\pic\include\pic16f628a.h"
   104                           INTCON equ 0Bh ;# 
   105  000B                     # 390 "C:\Program Files (x86)\Microchip\xc8\v2.00\pic\include\pic16f628a.h"
   106                           PIR1 equ 0Ch ;# 
   107  000C                     # 447 "C:\Program Files (x86)\Microchip\xc8\v2.00\pic\include\pic16f628a.h"
   108                           TMR1 equ 0Eh ;# 
   109  000E                     # 454 "C:\Program Files (x86)\Microchip\xc8\v2.00\pic\include\pic16f628a.h"
   110                           TMR1L equ 0Eh ;# 
   111  000E                     # 461 "C:\Program Files (x86)\Microchip\xc8\v2.00\pic\include\pic16f628a.h"
   112                           TMR1H equ 0Fh ;# 
   113  000F                     # 468 "C:\Program Files (x86)\Microchip\xc8\v2.00\pic\include\pic16f628a.h"
   114                           T1CON equ 010h ;# 
   115  0010                     # 527 "C:\Program Files (x86)\Microchip\xc8\v2.00\pic\include\pic16f628a.h"
   116                           TMR2 equ 011h ;# 
   117  0011                     # 534 "C:\Program Files (x86)\Microchip\xc8\v2.00\pic\include\pic16f628a.h"
   118                           T2CON equ 012h ;# 
   119  0012                     # 605 "C:\Program Files (x86)\Microchip\xc8\v2.00\pic\include\pic16f628a.h"
   120                           CCPR1 equ 015h ;# 
   121  0015                     # 612 "C:\Program Files (x86)\Microchip\xc8\v2.00\pic\include\pic16f628a.h"
   122                           CCPR1L equ 015h ;# 
   123  0015                     # 619 "C:\Program Files (x86)\Microchip\xc8\v2.00\pic\include\pic16f628a.h"
   124                           CCPR1H equ 016h ;# 
   125  0016                     # 626 "C:\Program Files (x86)\Microchip\xc8\v2.00\pic\include\pic16f628a.h"
   126                           CCP1CON equ 017h ;# 
   127  0017                     # 684 "C:\Program Files (x86)\Microchip\xc8\v2.00\pic\include\pic16f628a.h"
   128                           RCSTA equ 018h ;# 
   129  0018                     # 755 "C:\Program Files (x86)\Microchip\xc8\v2.00\pic\include\pic16f628a.h"
   130                           TXREG equ 019h ;# 
   131  0019                     # 762 "C:\Program Files (x86)\Microchip\xc8\v2.00\pic\include\pic16f628a.h"
   132                           RCREG equ 01Ah ;# 
   133  001A                     # 769 "C:\Program Files (x86)\Microchip\xc8\v2.00\pic\include\pic16f628a.h"
   134                           CMCON equ 01Fh ;# 
   135  001F                     # 839 "C:\Program Files (x86)\Microchip\xc8\v2.00\pic\include\pic16f628a.h"
   136                           OPTION_REG equ 081h ;# 
   137  0081                     # 909 "C:\Program Files (x86)\Microchip\xc8\v2.00\pic\include\pic16f628a.h"
   138                           TRISA equ 085h ;# 
   139  0085                     # 971 "C:\Program Files (x86)\Microchip\xc8\v2.00\pic\include\pic16f628a.h"
   140                           TRISB equ 086h ;# 
   141  0086                     # 1033 "C:\Program Files (x86)\Microchip\xc8\v2.00\pic\include\pic16f628a.h"
   142                           PIE1 equ 08Ch ;# 
   143  008C                     # 1090 "C:\Program Files (x86)\Microchip\xc8\v2.00\pic\include\pic16f628a.h"
   144                           PCON equ 08Eh ;# 
   145  008E                     # 1139 "C:\Program Files (x86)\Microchip\xc8\v2.00\pic\include\pic16f628a.h"
   146                           PR2 equ 092h ;# 
   147  0092                     # 1146 "C:\Program Files (x86)\Microchip\xc8\v2.00\pic\include\pic16f628a.h"
   148                           TXSTA equ 098h ;# 
   149  0098                     # 1203 "C:\Program Files (x86)\Microchip\xc8\v2.00\pic\include\pic16f628a.h"
   150                           SPBRG equ 099h ;# 
   151  0099                     # 1210 "C:\Program Files (x86)\Microchip\xc8\v2.00\pic\include\pic16f628a.h"
   152                           EEDATA equ 09Ah ;# 
   153  009A                     # 1217 "C:\Program Files (x86)\Microchip\xc8\v2.00\pic\include\pic16f628a.h"
   154                           EEADR equ 09Bh ;# 
   155  009B                     # 1224 "C:\Program Files (x86)\Microchip\xc8\v2.00\pic\include\pic16f628a.h"
   156                           EECON1 equ 09Ch ;# 
   157  009C                     # 1262 "C:\Program Files (x86)\Microchip\xc8\v2.00\pic\include\pic16f628a.h"
   158                           EECON2 equ 09Dh ;# 
   159  009D                     # 1269 "C:\Program Files (x86)\Microchip\xc8\v2.00\pic\include\pic16f628a.h"
   160                           VRCON equ 09Fh ;# 
   161  009F                     # 54 "C:\Program Files (x86)\Microchip\xc8\v2.00\pic\include\pic16f628a.h"
   162                           INDF equ 00h ;# 
   163  0000                     # 61 "C:\Program Files (x86)\Microchip\xc8\v2.00\pic\include\pic16f628a.h"
   164                           TMR0 equ 01h ;# 
   165  0001                     # 68 "C:\Program Files (x86)\Microchip\xc8\v2.00\pic\include\pic16f628a.h"
   166                           PCL equ 02h ;# 
   167  0002                     # 75 "C:\Program Files (x86)\Microchip\xc8\v2.00\pic\include\pic16f628a.h"
   168                           STATUS equ 03h ;# 
   169  0003                     # 161 "C:\Program Files (x86)\Microchip\xc8\v2.00\pic\include\pic16f628a.h"
   170                           FSR equ 04h ;# 
   171  0004                     # 168 "C:\Program Files (x86)\Microchip\xc8\v2.00\pic\include\pic16f628a.h"
   172                           PORTA equ 05h ;# 
   173  0005                     # 230 "C:\Program Files (x86)\Microchip\xc8\v2.00\pic\include\pic16f628a.h"
   174                           PORTB equ 06h ;# 
   175  0006                     # 292 "C:\Program Files (x86)\Microchip\xc8\v2.00\pic\include\pic16f628a.h"
   176                           PCLATH equ 0Ah ;# 
   177  000A                     # 312 "C:\Program Files (x86)\Microchip\xc8\v2.00\pic\include\pic16f628a.h"
   178                           INTCON equ 0Bh ;# 
   179  000B                     # 390 "C:\Program Files (x86)\Microchip\xc8\v2.00\pic\include\pic16f628a.h"
   180                           PIR1 equ 0Ch ;# 
   181  000C                     # 447 "C:\Program Files (x86)\Microchip\xc8\v2.00\pic\include\pic16f628a.h"
   182                           TMR1 equ 0Eh ;# 
   183  000E                     # 454 "C:\Program Files (x86)\Microchip\xc8\v2.00\pic\include\pic16f628a.h"
   184                           TMR1L equ 0Eh ;# 
   185  000E                     # 461 "C:\Program Files (x86)\Microchip\xc8\v2.00\pic\include\pic16f628a.h"
   186                           TMR1H equ 0Fh ;# 
   187  000F                     # 468 "C:\Program Files (x86)\Microchip\xc8\v2.00\pic\include\pic16f628a.h"
   188                           T1CON equ 010h ;# 
   189  0010                     # 527 "C:\Program Files (x86)\Microchip\xc8\v2.00\pic\include\pic16f628a.h"
   190                           TMR2 equ 011h ;# 
   191  0011                     # 534 "C:\Program Files (x86)\Microchip\xc8\v2.00\pic\include\pic16f628a.h"
   192                           T2CON equ 012h ;# 
   193  0012                     # 605 "C:\Program Files (x86)\Microchip\xc8\v2.00\pic\include\pic16f628a.h"
   194                           CCPR1 equ 015h ;# 
   195  0015                     # 612 "C:\Program Files (x86)\Microchip\xc8\v2.00\pic\include\pic16f628a.h"
   196                           CCPR1L equ 015h ;# 
   197  0015                     # 619 "C:\Program Files (x86)\Microchip\xc8\v2.00\pic\include\pic16f628a.h"
   198                           CCPR1H equ 016h ;# 
   199  0016                     # 626 "C:\Program Files (x86)\Microchip\xc8\v2.00\pic\include\pic16f628a.h"
   200                           CCP1CON equ 017h ;# 
   201  0017                     # 684 "C:\Program Files (x86)\Microchip\xc8\v2.00\pic\include\pic16f628a.h"
   202                           RCSTA equ 018h ;# 
   203  0018                     # 755 "C:\Program Files (x86)\Microchip\xc8\v2.00\pic\include\pic16f628a.h"
   204                           TXREG equ 019h ;# 
   205  0019                     # 762 "C:\Program Files (x86)\Microchip\xc8\v2.00\pic\include\pic16f628a.h"
   206                           RCREG equ 01Ah ;# 
   207  001A                     # 769 "C:\Program Files (x86)\Microchip\xc8\v2.00\pic\include\pic16f628a.h"
   208                           CMCON equ 01Fh ;# 
   209  001F                     # 839 "C:\Program Files (x86)\Microchip\xc8\v2.00\pic\include\pic16f628a.h"
   210                           OPTION_REG equ 081h ;# 
   211  0081                     # 909 "C:\Program Files (x86)\Microchip\xc8\v2.00\pic\include\pic16f628a.h"
   212                           TRISA equ 085h ;# 
   213  0085                     # 971 "C:\Program Files (x86)\Microchip\xc8\v2.00\pic\include\pic16f628a.h"
   214                           TRISB equ 086h ;# 
   215  0086                     # 1033 "C:\Program Files (x86)\Microchip\xc8\v2.00\pic\include\pic16f628a.h"
   216                           PIE1 equ 08Ch ;# 
   217  008C                     # 1090 "C:\Program Files (x86)\Microchip\xc8\v2.00\pic\include\pic16f628a.h"
   218                           PCON equ 08Eh ;# 
   219  008E                     # 1139 "C:\Program Files (x86)\Microchip\xc8\v2.00\pic\include\pic16f628a.h"
   220                           PR2 equ 092h ;# 
   221  0092                     # 1146 "C:\Program Files (x86)\Microchip\xc8\v2.00\pic\include\pic16f628a.h"
   222                           TXSTA equ 098h ;# 
   223  0098                     # 1203 "C:\Program Files (x86)\Microchip\xc8\v2.00\pic\include\pic16f628a.h"
   224                           SPBRG equ 099h ;# 
   225  0099                     # 1210 "C:\Program Files (x86)\Microchip\xc8\v2.00\pic\include\pic16f628a.h"
   226                           EEDATA equ 09Ah ;# 
   227  009A                     # 1217 "C:\Program Files (x86)\Microchip\xc8\v2.00\pic\include\pic16f628a.h"
   228                           EEADR equ 09Bh ;# 
   229  009B                     # 1224 "C:\Program Files (x86)\Microchip\xc8\v2.00\pic\include\pic16f628a.h"
   230                           EECON1 equ 09Ch ;# 
   231  009C                     # 1262 "C:\Program Files (x86)\Microchip\xc8\v2.00\pic\include\pic16f628a.h"
   232                           EECON2 equ 09Dh ;# 
   233  009D                     # 1269 "C:\Program Files (x86)\Microchip\xc8\v2.00\pic\include\pic16f628a.h"
   234                           VRCON equ 09Fh ;# 
   235  009F                     	FNROOT	_main
   236                           	global	_TMR1
   237                           _TMR1	set	0xE
   238  000E                     	global	_PORTA
   239                           _PORTA	set	0x5
   240  0005                     	global	_TMR1ON
   241                           _TMR1ON	set	0x80
   242  0080                     	global	_T1CKPS1
   243                           _T1CKPS1	set	0x85
   244  0085                     	global	_T1CKPS0
   245                           _T1CKPS0	set	0x84
   246  0084                     	global	_TMR1CS
   247                           _TMR1CS	set	0x81
   248  0081                     	global	_nT1SYNC
   249                           _nT1SYNC	set	0x82
   250  0082                     	global	_T1OSCEN
   251                           _T1OSCEN	set	0x83
   252  0083                     	global	_TRISA
   253                           _TRISA	set	0x85
   254  0085                     ; #config settings
   255                           global __CFG_FOSC$XT
   256                           __CFG_FOSC$XT equ 0x0
   257  0000                     global __CFG_WDTE$OFF
   258                           __CFG_WDTE$OFF equ 0x0
   259  0000                     global __CFG_PWRTE$ON
   260                           __CFG_PWRTE$ON equ 0x0
   261  0000                     global __CFG_MCLRE$OFF
   262                           __CFG_MCLRE$OFF equ 0x0
   263  0000                     global __CFG_BOREN$ON
   264                           __CFG_BOREN$ON equ 0x0
   265  0000                     global __CFG_LVP$OFF
   266                           __CFG_LVP$OFF equ 0x0
   267  0000                     global __CFG_CPD$OFF
   268                           __CFG_CPD$OFF equ 0x0
   269  0000                     global __CFG_CP$OFF
   270                           __CFG_CP$OFF equ 0x0
   271  0000                     	file	"C:\Users\Mostafa\AppData\Local\Temp\sils."
   272                           	line	#
   273                           psect cinit,class=CODE,delta=2
   274                           global start_initialization
   275                           start_initialization:
   276  07FE                     
   277                           global __initialization
   278                           __initialization:
   279  07FE                     psect cinit,class=CODE,delta=2,merge=1
   280                           global end_of_initialization,__end_of__initialization
   281                           
   282                           ;End of C runtime variable initialization code
   283                           
   284                           end_of_initialization:
   285  07FE                     __end_of__initialization:
   286  07FE                     clrf status
   287  07FE  0183               ljmp _main	;jump to C main() function
   288  07FF  2FEA               psect	cstackCOMMON,class=COMMON,space=1,noexec
   289                           global __pcstackCOMMON
   290                           __pcstackCOMMON:
   291  0000                     ?_main:	; 1 bytes @ 0x0
   292  0000                     ??_main:	; 1 bytes @ 0x0
   293  0000                     ;!
   294                           ;!Data Sizes:
   295                           ;!    Strings     0
   296                           ;!    Constant    0
   297                           ;!    Data        0
   298                           ;!    BSS         0
   299                           ;!    Persistent  0
   300                           ;!    Stack       0
   301                           ;!
   302                           ;!Auto Spaces:
   303                           ;!    Space          Size  Autos    Used
   304                           ;!    COMMON           14      0       0
   305                           ;!    BANK0            80      0       0
   306                           ;!    BANK1            80      0       0
   307                           ;!    BANK2            48      0       0
   308                           
   309                           ;!
   310                           ;!Pointer List with Targets:
   311                           ;!
   312                           ;!    None.
   313                           
   314                           
   315                           ;!
   316                           ;!Critical Paths under _main in COMMON
   317                           ;!
   318                           ;!    None.
   319                           ;!
   320                           ;!Critical Paths under _main in BANK0
   321                           ;!
   322                           ;!    None.
   323                           ;!
   324                           ;!Critical Paths under _main in BANK1
   325                           ;!
   326                           ;!    None.
   327                           ;!
   328                           ;!Critical Paths under _main in BANK2
   329                           ;!
   330                           ;!    None.
   331                           
   332 ;;
   333 ;;Main: autosize = 0, tempsize = 0, incstack = 0, save=0
   334 ;;
   335                           
   336                           ;!
   337                           ;!Call Graph Tables:
   338                           ;!
   339                           ;! ---------------------------------------------------------------------------------
   340                           ;! (Depth) Function   	        Calls       Base Space   Used Autos Params    Refs
   341                           ;! ---------------------------------------------------------------------------------
   342                           ;! (0) _main                                                 0     0      0       0
   343                           ;! ---------------------------------------------------------------------------------
   344                           ;! Estimated maximum stack depth 0
   345                           ;! ---------------------------------------------------------------------------------
   346                           ;!
   347                           ;! Call Graph Graphs:
   348                           ;!
   349                           ;! _main (ROOT)
   350                           ;!
   351                           
   352                           ;! Address spaces:
   353                           
   354                           ;!Name               Size   Autos  Total    Cost      Usage
   355                           ;!BITCOMMON            E      0       0       0        0.0%
   356                           ;!EEDATA              80      0       0       0        0.0%
   357                           ;!NULL                 0      0       0       0        0.0%
   358                           ;!CODE                 0      0       0       0        0.0%
   359                           ;!COMMON               E      0       0       1        0.0%
   360                           ;!BITSFR0              0      0       0       1        0.0%
   361                           ;!SFR0                 0      0       0       1        0.0%
   362                           ;!BITSFR1              0      0       0       2        0.0%
   363                           ;!SFR1                 0      0       0       2        0.0%
   364                           ;!STACK                0      0       0       2        0.0%
   365                           ;!BANK0               50      0       0       3        0.0%
   366                           ;!BITSFR3              0      0       0       4        0.0%
   367                           ;!SFR3                 0      0       0       4        0.0%
   368                           ;!ABS                  0      0       0       4        0.0%
   369                           ;!BITBANK0            50      0       0       5        0.0%
   370                           ;!BITSFR2              0      0       0       5        0.0%
   371                           ;!SFR2                 0      0       0       5        0.0%
   372                           ;!BITBANK1            50      0       0       6        0.0%
   373                           ;!BANK1               50      0       0       7        0.0%
   374                           ;!BITBANK2            30      0       0       8        0.0%
   375                           ;!BANK2               30      0       0       9        0.0%
   376                           ;!DATA                 0      0       0      10        0.0%
   377                           
   378                           	global	_main
   379                           
   380 ;; *************** function _main *****************
   381 ;; Defined at:
   382 ;;		line 13 in file "main.c"
   383 ;; Parameters:    Size  Location     Type
   384 ;;		None
   385 ;; Auto vars:     Size  Location     Type
   386 ;;		None
   387 ;; Return value:  Size  Location     Type
   388 ;;                  1    wreg      void 
   389 ;; Registers used:
   390 ;;		wreg, status,2
   391 ;; Tracked objects:
   392 ;;		On entry : B00/0
   393 ;;		On exit  : 0/0
   394 ;;		Unchanged: 0/0
   395 ;; Data sizes:     COMMON   BANK0   BANK1   BANK2
   396 ;;      Params:         0       0       0       0
   397 ;;      Locals:         0       0       0       0
   398 ;;      Temps:          0       0       0       0
   399 ;;      Totals:         0       0       0       0
   400 ;;Total ram usage:        0 bytes
   401 ;; This function calls:
   402 ;;		Nothing
   403 ;; This function is called by:
   404 ;;		Startup code after reset
   405 ;; This function uses a non-reentrant model
   406 ;;
   407                           psect	maintext,global,class=CODE,delta=2,split=1,group=0
   408                           	file	"main.c"
   409                           	line	13
   410                           global __pmaintext
   411                           __pmaintext:	;psect for function _main
   412  07EA                     psect	maintext
   413                           	file	"main.c"
   414                           	line	13
   415                           	global	__size_of_main
   416                           	__size_of_main	equ	__end_of_main-_main
   417  0014                     	
   418                           _main:	
   419  07EA                     ;incstack = 0
   420                           	opt	stack 8
   421                           ; Regs used in _main: [wreg+status,2]
   422                           	line	14
   423                           	
   424                           l599:	
   425  07EA                     ;main.c: 14:     TRISA=0x00;
   426                           	bsf	status, 5	;RP0=1, select bank1
   427  07EA  1683               	bcf	status, 6	;RP1=0, select bank1
   428  07EB  1303               	clrf	(133)^080h	;volatile
   429  07EC  0185               	line	15
   430                           ;main.c: 15:     PORTA=0x00;
   431                           	bcf	status, 5	;RP0=0, select bank0
   432  07ED  1283               	bcf	status, 6	;RP1=0, select bank0
   433  07EE  1303               	clrf	(5)	;volatile
   434  07EF  0185               	line	17
   435                           ;main.c: 17:     TMR1=0x00;
   436                           	clrf	(14)	;volatile
   437  07F0  018E               	clrf	(14+1)	;volatile
   438  07F1  018F               	line	18
   439                           	
   440                           l601:	
   441  07F2                     ;main.c: 18:     T1OSCEN=1;
   442                           	bsf	(131/8),(131)&7	;volatile
   443  07F2  1590               	line	19
   444                           	
   445                           l603:	
   446  07F3                     ;main.c: 19:     nT1SYNC=0;
   447                           	bcf	(130/8),(130)&7	;volatile
   448  07F3  1110               	line	20
   449                           	
   450                           l605:	
   451  07F4                     ;main.c: 20:     TMR1CS=1;
   452                           	bsf	(129/8),(129)&7	;volatile
   453  07F4  1490               	line	21
   454                           	
   455                           l607:	
   456  07F5                     ;main.c: 21:     T1CKPS0=0;
   457                           	bcf	(132/8),(132)&7	;volatile
   458  07F5  1210               	line	22
   459                           	
   460                           l609:	
   461  07F6                     ;main.c: 22:     T1CKPS1=0;
   462                           	bcf	(133/8),(133)&7	;volatile
   463  07F6  1290               	line	23
   464                           	
   465                           l611:	
   466  07F7                     ;main.c: 23:     TMR1ON=1;
   467                           	bsf	(128/8),(128)&7	;volatile
   468  07F7  1410               	goto	l613
   469  07F8  2FF9               	line	24
   470                           ;main.c: 24:     while(1){
   471                           	
   472                           l23:	
   473  07F9                     	line	25
   474                           	
   475                           l613:	
   476  07F9                     ;main.c: 25:         PORTA=TMR1;
   477                           	movf	(14),w	;volatile
   478  07F9  080E               	movwf	(5)	;volatile
   479  07FA  0085               	goto	l613
   480  07FB  2FF9               	line	26
   481                           ;main.c: 26:     }
   482                           	
   483                           l24:	
   484  07FC                     	goto	l613
   485  07FC  2FF9               	
   486                           l25:	
   487  07FD                     	line	28
   488                           ;main.c: 27:     return;
   489                           	
   490                           l26:	
   491  07FD                     	global	start
   492                           	ljmp	start
   493  07FD  2800               	opt stack 0
   494                           GLOBAL	__end_of_main
   495                           	__end_of_main:
   496  07FE                     	signat	_main,89
   497                           global	___latbits
   498                           ___latbits	equ	0
   499  0000                     	global	btemp
   500                           	btemp set 07Eh
   501  007E                     
   502                           	DABS	1,126,2	;btemp
   503                           	global	wtemp0
   504                           	wtemp0 set btemp+0
   505  007E                     	end


Data Sizes:
    Strings     0
    Constant    0
    Data        0
    BSS         0
    Persistent  0
    Stack       0

Auto Spaces:
    Space          Size  Autos    Used
    COMMON           14      0       0
    BANK0            80      0       0
    BANK1            80      0       0
    BANK2            48      0       0

Pointer List with Targets:

    None.

Critical Paths under _main in COMMON

    None.

Critical Paths under _main in BANK0

    None.

Critical Paths under _main in BANK1

    None.

Critical Paths under _main in BANK2

    None.

Call Graph Tables:

 ---------------------------------------------------------------------------------
 (Depth) Function   	        Calls       Base Space   Used Autos Params    Refs
 ---------------------------------------------------------------------------------
 (0) _main                                                 0     0      0       0
 ---------------------------------------------------------------------------------
 Estimated maximum stack depth 0
 ---------------------------------------------------------------------------------

 Call Graph Graphs:

 _main (ROOT)

 Address spaces:
Name               Size   Autos  Total    Cost      Usage
BITCOMMON            E      0       0       0        0.0%
EEDATA              80      0       0       0        0.0%
NULL                 0      0       0       0        0.0%
CODE                 0      0       0       0        0.0%
COMMON               E      0       0       1        0.0%
BITSFR0              0      0       0       1        0.0%
SFR0                 0      0       0       1        0.0%
BITSFR1              0      0       0       2        0.0%
SFR1                 0      0       0       2        0.0%
STACK                0      0       0       2        0.0%
BANK0               50      0       0       3        0.0%
BITSFR3              0      0       0       4        0.0%
SFR3                 0      0       0       4        0.0%
ABS                  0      0       0       4        0.0%
BITBANK0            50      0       0       5        0.0%
BITSFR2              0      0       0       5        0.0%
SFR2                 0      0       0       5        0.0%
BITBANK1            50      0       0       6        0.0%
BANK1               50      0       0       7        0.0%
BITBANK2            30      0       0       8        0.0%
BANK2               30      0       0       9        0.0%
DATA                 0      0       0      10        0.0%


Microchip Technology PIC Macro Assembler V2.00 build -1524193055 
Symbol Table                                                                                   Sat Apr 08 05:13:13 2023

            __CFG_CP$OFF 0000                       l23 07F9                       l24 07FC  
                     l25 07FD                       l26 07FD                      l601 07F2  
                    l611 07F7                      l603 07F3                      l613 07F9  
                    l605 07F4                      l607 07F5                      l609 07F6  
                    l599 07EA             __CFG_CPD$OFF 0000             __CFG_FOSC$XT 0000  
           __CFG_LVP$OFF 0000                     _TMR1 000E                     _main 07EA  
                   btemp 007E            __CFG_BOREN$ON 0000                     start 0000  
                  ?_main 0000            __CFG_WDTE$OFF 0000                    _PORTA 0005  
                  _TRISA 0085            __CFG_PWRTE$ON 0000                    status 0003  
                  wtemp0 007E           __CFG_MCLRE$OFF 0000          __initialization 07FE  
           __end_of_main 07FE                   ??_main 0000                   _TMR1CS 0081  
                 _TMR1ON 0080  __end_of__initialization 07FE           __pcstackCOMMON 0000  
             __pmaintext 07EA                  _T1CKPS0 0084                  _T1CKPS1 0085  
                _T1OSCEN 0083                  _nT1SYNC 0082     end_of_initialization 07FE  
    start_initialization 07FE                ___latbits 0000            __size_of_main 0014  
